<?xml version="1.0" encoding="UTF-8"?>
<testsuite xmlns:xsi="http://www.w3.org/2001/XMLSchema-instance" xsi:noNamespaceSchemaLocation="https://maven.apache.org/surefire/maven-surefire-plugin/xsd/surefire-test-report.xsd" version="3.0.2" name="com.menteMaestra.backend.BackendApplicationTests" time="3.312" tests="1" errors="0" skipped="0" failures="0">
  <properties>
    <property name="java.specification.version" value="21"/>
    <property name="sun.cpu.isalist" value="amd64"/>
    <property name="sun.jnu.encoding" value="Cp1252"/>
    <property name="java.class.path" value="F:\Universidad\Intersemestral 2025-i\ARSW\ARSW_BackendProyecto\backend\target\test-classes;F:\Universidad\Intersemestral 2025-i\ARSW\ARSW_BackendProyecto\backend\target\classes;C:\Users\Usuario\.m2\repository\org\springframework\boot\spring-boot-starter-data-mongodb\4.0.0-SNAPSHOT\spring-boot-starter-data-mongodb-4.0.0-SNAPSHOT.jar;C:\Users\Usuario\.m2\repository\org\springframework\boot\spring-boot-data-mongodb\4.0.0-SNAPSHOT\spring-boot-data-mongodb-4.0.0-SNAPSHOT.jar;C:\Users\Usuario\.m2\repository\org\springframework\boot\spring-boot-data-commons\4.0.0-SNAPSHOT\spring-boot-data-commons-4.0.0-SNAPSHOT.jar;C:\Users\Usuario\.m2\repository\org\springframework\boot\spring-boot-webmvc\4.0.0-SNAPSHOT\spring-boot-webmvc-4.0.0-SNAPSHOT.jar;C:\Users\Usuario\.m2\repository\org\springframework\boot\spring-boot-servlet\4.0.0-SNAPSHOT\spring-boot-servlet-4.0.0-SNAPSHOT.jar;C:\Users\Usuario\.m2\repository\org\springframework\data\spring-data-commons\4.0.0-SNAPSHOT\spring-data-commons-4.0.0-SNAPSHOT.jar;C:\Users\Usuario\.m2\repository\org\springframework\boot\spring-boot-mongodb\4.0.0-SNAPSHOT\spring-boot-mongodb-4.0.0-SNAPSHOT.jar;C:\Users\Usuario\.m2\repository\org\springframework\data\spring-data-mongodb\5.0.0-SNAPSHOT\spring-data-mongodb-5.0.0-SNAPSHOT.jar;C:\Users\Usuario\.m2\repository\org\springframework\boot\spring-boot-tx\4.0.0-SNAPSHOT\spring-boot-tx-4.0.0-SNAPSHOT.jar;C:\Users\Usuario\.m2\repository\org\springframework\spring-tx\7.0.0-SNAPSHOT\spring-tx-7.0.0-SNAPSHOT.jar;C:\Users\Usuario\.m2\repository\org\mongodb\mongodb-driver-sync\5.5.1\mongodb-driver-sync-5.5.1.jar;C:\Users\Usuario\.m2\repository\org\mongodb\bson\5.5.1\bson-5.5.1.jar;C:\Users\Usuario\.m2\repository\org\mongodb\mongodb-driver-core\5.5.1\mongodb-driver-core-5.5.1.jar;C:\Users\Usuario\.m2\repository\org\mongodb\bson-record-codec\5.5.1\bson-record-codec-5.5.1.jar;C:\Users\Usuario\.m2\repository\org\springframework\boot\spring-boot-starter-websocket\4.0.0-SNAPSHOT\spring-boot-starter-websocket-4.0.0-SNAPSHOT.jar;C:\Users\Usuario\.m2\repository\org\springframework\boot\spring-boot-websocket\4.0.0-SNAPSHOT\spring-boot-websocket-4.0.0-SNAPSHOT.jar;C:\Users\Usuario\.m2\repository\org\springframework\spring-messaging\7.0.0-SNAPSHOT\spring-messaging-7.0.0-SNAPSHOT.jar;C:\Users\Usuario\.m2\repository\org\springframework\spring-websocket\7.0.0-SNAPSHOT\spring-websocket-7.0.0-SNAPSHOT.jar;C:\Users\Usuario\.m2\repository\org\springframework\boot\spring-boot-starter\4.0.0-SNAPSHOT\spring-boot-starter-4.0.0-SNAPSHOT.jar;C:\Users\Usuario\.m2\repository\org\springframework\boot\spring-boot\4.0.0-SNAPSHOT\spring-boot-4.0.0-SNAPSHOT.jar;C:\Users\Usuario\.m2\repository\org\springframework\spring-context\7.0.0-SNAPSHOT\spring-context-7.0.0-SNAPSHOT.jar;C:\Users\Usuario\.m2\repository\org\springframework\boot\spring-boot-autoconfigure\4.0.0-SNAPSHOT\spring-boot-autoconfigure-4.0.0-SNAPSHOT.jar;C:\Users\Usuario\.m2\repository\org\springframework\boot\spring-boot-starter-logging\4.0.0-SNAPSHOT\spring-boot-starter-logging-4.0.0-SNAPSHOT.jar;C:\Users\Usuario\.m2\repository\ch\qos\logback\logback-classic\1.5.18\logback-classic-1.5.18.jar;C:\Users\Usuario\.m2\repository\ch\qos\logback\logback-core\1.5.18\logback-core-1.5.18.jar;C:\Users\Usuario\.m2\repository\org\apache\logging\log4j\log4j-to-slf4j\2.24.3\log4j-to-slf4j-2.24.3.jar;C:\Users\Usuario\.m2\repository\org\apache\logging\log4j\log4j-api\2.24.3\log4j-api-2.24.3.jar;C:\Users\Usuario\.m2\repository\org\slf4j\jul-to-slf4j\2.0.17\jul-to-slf4j-2.0.17.jar;C:\Users\Usuario\.m2\repository\jakarta\annotation\jakarta.annotation-api\3.0.0\jakarta.annotation-api-3.0.0.jar;C:\Users\Usuario\.m2\repository\org\springframework\spring-core\7.0.0-SNAPSHOT\spring-core-7.0.0-SNAPSHOT.jar;C:\Users\Usuario\.m2\repository\commons-logging\commons-logging\1.3.5\commons-logging-1.3.5.jar;C:\Users\Usuario\.m2\repository\org\jspecify\jspecify\1.0.0\jspecify-1.0.0.jar;C:\Users\Usuario\.m2\repository\org\yaml\snakeyaml\2.4\snakeyaml-2.4.jar;C:\Users\Usuario\.m2\repository\org\springframework\boot\spring-boot-starter-web\2.3.1.RELEASE\spring-boot-starter-web-2.3.1.RELEASE.jar;C:\Users\Usuario\.m2\repository\org\springframework\boot\spring-boot-starter-json\4.0.0-SNAPSHOT\spring-boot-starter-json-4.0.0-SNAPSHOT.jar;C:\Users\Usuario\.m2\repository\org\springframework\boot\spring-boot-jackson\4.0.0-SNAPSHOT\spring-boot-jackson-4.0.0-SNAPSHOT.jar;C:\Users\Usuario\.m2\repository\com\fasterxml\jackson\core\jackson-databind\2.19.1\jackson-databind-2.19.1.jar;C:\Users\Usuario\.m2\repository\com\fasterxml\jackson\core\jackson-annotations\2.19.1\jackson-annotations-2.19.1.jar;C:\Users\Usuario\.m2\repository\com\fasterxml\jackson\core\jackson-core\2.19.1\jackson-core-2.19.1.jar;C:\Users\Usuario\.m2\repository\com\fasterxml\jackson\datatype\jackson-datatype-jdk8\2.19.1\jackson-datatype-jdk8-2.19.1.jar;C:\Users\Usuario\.m2\repository\com\fasterxml\jackson\datatype\jackson-datatype-jsr310\2.19.1\jackson-datatype-jsr310-2.19.1.jar;C:\Users\Usuario\.m2\repository\com\fasterxml\jackson\module\jackson-module-parameter-names\2.19.1\jackson-module-parameter-names-2.19.1.jar;C:\Users\Usuario\.m2\repository\org\springframework\boot\spring-boot-starter-tomcat\4.0.0-SNAPSHOT\spring-boot-starter-tomcat-4.0.0-SNAPSHOT.jar;C:\Users\Usuario\.m2\repository\org\springframework\boot\spring-boot-tomcat\4.0.0-SNAPSHOT\spring-boot-tomcat-4.0.0-SNAPSHOT.jar;C:\Users\Usuario\.m2\repository\org\springframework\boot\spring-boot-web-server\4.0.0-SNAPSHOT\spring-boot-web-server-4.0.0-SNAPSHOT.jar;C:\Users\Usuario\.m2\repository\org\apache\tomcat\embed\tomcat-embed-core\11.0.9\tomcat-embed-core-11.0.9.jar;C:\Users\Usuario\.m2\repository\org\apache\tomcat\embed\tomcat-embed-el\11.0.9\tomcat-embed-el-11.0.9.jar;C:\Users\Usuario\.m2\repository\org\apache\tomcat\embed\tomcat-embed-websocket\11.0.9\tomcat-embed-websocket-11.0.9.jar;C:\Users\Usuario\.m2\repository\org\springframework\spring-web\7.0.0-SNAPSHOT\spring-web-7.0.0-SNAPSHOT.jar;C:\Users\Usuario\.m2\repository\org\springframework\spring-beans\7.0.0-SNAPSHOT\spring-beans-7.0.0-SNAPSHOT.jar;C:\Users\Usuario\.m2\repository\io\micrometer\micrometer-observation\1.16.0-SNAPSHOT\micrometer-observation-1.16.0-SNAPSHOT.jar;C:\Users\Usuario\.m2\repository\io\micrometer\micrometer-commons\1.16.0-SNAPSHOT\micrometer-commons-1.16.0-SNAPSHOT.jar;C:\Users\Usuario\.m2\repository\org\springframework\spring-webmvc\7.0.0-SNAPSHOT\spring-webmvc-7.0.0-SNAPSHOT.jar;C:\Users\Usuario\.m2\repository\org\springframework\spring-aop\7.0.0-SNAPSHOT\spring-aop-7.0.0-SNAPSHOT.jar;C:\Users\Usuario\.m2\repository\org\springframework\spring-expression\7.0.0-SNAPSHOT\spring-expression-7.0.0-SNAPSHOT.jar;C:\Users\Usuario\.m2\repository\org\springframework\boot\spring-boot-starter-test\4.0.0-SNAPSHOT\spring-boot-starter-test-4.0.0-SNAPSHOT.jar;C:\Users\Usuario\.m2\repository\org\springframework\boot\spring-boot-restclient\4.0.0-SNAPSHOT\spring-boot-restclient-4.0.0-SNAPSHOT.jar;C:\Users\Usuario\.m2\repository\org\springframework\boot\spring-boot-http-client\4.0.0-SNAPSHOT\spring-boot-http-client-4.0.0-SNAPSHOT.jar;C:\Users\Usuario\.m2\repository\org\springframework\boot\spring-boot-http-converter\4.0.0-SNAPSHOT\spring-boot-http-converter-4.0.0-SNAPSHOT.jar;C:\Users\Usuario\.m2\repository\org\springframework\boot\spring-boot-restclient-test\4.0.0-SNAPSHOT\spring-boot-restclient-test-4.0.0-SNAPSHOT.jar;C:\Users\Usuario\.m2\repository\org\springframework\boot\spring-boot-test\4.0.0-SNAPSHOT\spring-boot-test-4.0.0-SNAPSHOT.jar;C:\Users\Usuario\.m2\repository\org\springframework\boot\spring-boot-test-autoconfigure\4.0.0-SNAPSHOT\spring-boot-test-autoconfigure-4.0.0-SNAPSHOT.jar;C:\Users\Usuario\.m2\repository\org\springframework\boot\spring-boot-web-server-test\4.0.0-SNAPSHOT\spring-boot-web-server-test-4.0.0-SNAPSHOT.jar;C:\Users\Usuario\.m2\repository\org\springframework\boot\spring-boot-webclient\4.0.0-SNAPSHOT\spring-boot-webclient-4.0.0-SNAPSHOT.jar;C:\Users\Usuario\.m2\repository\org\springframework\boot\spring-boot-http-codec\4.0.0-SNAPSHOT\spring-boot-http-codec-4.0.0-SNAPSHOT.jar;C:\Users\Usuario\.m2\repository\com\jayway\jsonpath\json-path\2.9.0\json-path-2.9.0.jar;C:\Users\Usuario\.m2\repository\org\slf4j\slf4j-api\2.0.17\slf4j-api-2.0.17.jar;C:\Users\Usuario\.m2\repository\jakarta\xml\bind\jakarta.xml.bind-api\4.0.2\jakarta.xml.bind-api-4.0.2.jar;C:\Users\Usuario\.m2\repository\jakarta\activation\jakarta.activation-api\2.1.3\jakarta.activation-api-2.1.3.jar;C:\Users\Usuario\.m2\repository\net\minidev\json-smart\2.5.2\json-smart-2.5.2.jar;C:\Users\Usuario\.m2\repository\net\minidev\accessors-smart\2.5.2\accessors-smart-2.5.2.jar;C:\Users\Usuario\.m2\repository\org\ow2\asm\asm\9.7.1\asm-9.7.1.jar;C:\Users\Usuario\.m2\repository\org\assertj\assertj-core\3.27.3\assertj-core-3.27.3.jar;C:\Users\Usuario\.m2\repository\net\bytebuddy\byte-buddy\1.17.6\byte-buddy-1.17.6.jar;C:\Users\Usuario\.m2\repository\org\awaitility\awaitility\4.3.0\awaitility-4.3.0.jar;C:\Users\Usuario\.m2\repository\org\hamcrest\hamcrest\3.0\hamcrest-3.0.jar;C:\Users\Usuario\.m2\repository\org\junit\jupiter\junit-jupiter\5.13.3\junit-jupiter-5.13.3.jar;C:\Users\Usuario\.m2\repository\org\junit\jupiter\junit-jupiter-api\5.13.3\junit-jupiter-api-5.13.3.jar;C:\Users\Usuario\.m2\repository\org\opentest4j\opentest4j\1.3.0\opentest4j-1.3.0.jar;C:\Users\Usuario\.m2\repository\org\junit\platform\junit-platform-commons\1.13.3\junit-platform-commons-1.13.3.jar;C:\Users\Usuario\.m2\repository\org\apiguardian\apiguardian-api\1.1.2\apiguardian-api-1.1.2.jar;C:\Users\Usuario\.m2\repository\org\junit\jupiter\junit-jupiter-params\5.13.3\junit-jupiter-params-5.13.3.jar;C:\Users\Usuario\.m2\repository\org\junit\jupiter\junit-jupiter-engine\5.13.3\junit-jupiter-engine-5.13.3.jar;C:\Users\Usuario\.m2\repository\org\junit\platform\junit-platform-engine\1.13.3\junit-platform-engine-1.13.3.jar;C:\Users\Usuario\.m2\repository\org\mockito\mockito-core\5.18.0\mockito-core-5.18.0.jar;C:\Users\Usuario\.m2\repository\net\bytebuddy\byte-buddy-agent\1.17.6\byte-buddy-agent-1.17.6.jar;C:\Users\Usuario\.m2\repository\org\objenesis\objenesis\3.3\objenesis-3.3.jar;C:\Users\Usuario\.m2\repository\org\mockito\mockito-junit-jupiter\5.18.0\mockito-junit-jupiter-5.18.0.jar;C:\Users\Usuario\.m2\repository\org\skyscreamer\jsonassert\1.5.3\jsonassert-1.5.3.jar;C:\Users\Usuario\.m2\repository\com\vaadin\external\google\android-json\0.0.20131108.vaadin1\android-json-0.0.20131108.vaadin1.jar;C:\Users\Usuario\.m2\repository\org\springframework\spring-test\7.0.0-SNAPSHOT\spring-test-7.0.0-SNAPSHOT.jar;C:\Users\Usuario\.m2\repository\org\xmlunit\xmlunit-core\2.10.3\xmlunit-core-2.10.3.jar;"/>
    <property name="java.vm.vendor" value="Oracle Corporation"/>
    <property name="sun.arch.data.model" value="64"/>
    <property name="user.variant" value=""/>
    <property name="java.vendor.url" value="https://java.oracle.com/"/>
    <property name="user.timezone" value="America/Bogota"/>
    <property name="os.name" value="Windows 11"/>
    <property name="java.vm.specification.version" value="21"/>
    <property name="APPLICATION_NAME" value="backend"/>
    <property name="sun.java.launcher" value="SUN_STANDARD"/>
    <property name="user.country" value="CO"/>
    <property name="sun.boot.library.path" value="C:\Program Files\Java\jdk-21\bin"/>
    <property name="sun.java.command" value="C:\Users\Usuario\AppData\Local\Temp\surefire6931732469951586193\surefirebooter-20250709182302006_3.jar C:\Users\Usuario\AppData\Local\Temp\surefire6931732469951586193 2025-07-09T18-23-01_635-jvmRun1 surefire-20250709182302006_1tmp surefire_0-20250709182302006_2tmp"/>
    <property name="jdk.debug" value="release"/>
    <property name="surefire.test.class.path" value="F:\Universidad\Intersemestral 2025-i\ARSW\ARSW_BackendProyecto\backend\target\test-classes;F:\Universidad\Intersemestral 2025-i\ARSW\ARSW_BackendProyecto\backend\target\classes;C:\Users\Usuario\.m2\repository\org\springframework\boot\spring-boot-starter-data-mongodb\4.0.0-SNAPSHOT\spring-boot-starter-data-mongodb-4.0.0-SNAPSHOT.jar;C:\Users\Usuario\.m2\repository\org\springframework\boot\spring-boot-data-mongodb\4.0.0-SNAPSHOT\spring-boot-data-mongodb-4.0.0-SNAPSHOT.jar;C:\Users\Usuario\.m2\repository\org\springframework\boot\spring-boot-data-commons\4.0.0-SNAPSHOT\spring-boot-data-commons-4.0.0-SNAPSHOT.jar;C:\Users\Usuario\.m2\repository\org\springframework\boot\spring-boot-webmvc\4.0.0-SNAPSHOT\spring-boot-webmvc-4.0.0-SNAPSHOT.jar;C:\Users\Usuario\.m2\repository\org\springframework\boot\spring-boot-servlet\4.0.0-SNAPSHOT\spring-boot-servlet-4.0.0-SNAPSHOT.jar;C:\Users\Usuario\.m2\repository\org\springframework\data\spring-data-commons\4.0.0-SNAPSHOT\spring-data-commons-4.0.0-SNAPSHOT.jar;C:\Users\Usuario\.m2\repository\org\springframework\boot\spring-boot-mongodb\4.0.0-SNAPSHOT\spring-boot-mongodb-4.0.0-SNAPSHOT.jar;C:\Users\Usuario\.m2\repository\org\springframework\data\spring-data-mongodb\5.0.0-SNAPSHOT\spring-data-mongodb-5.0.0-SNAPSHOT.jar;C:\Users\Usuario\.m2\repository\org\springframework\boot\spring-boot-tx\4.0.0-SNAPSHOT\spring-boot-tx-4.0.0-SNAPSHOT.jar;C:\Users\Usuario\.m2\repository\org\springframework\spring-tx\7.0.0-SNAPSHOT\spring-tx-7.0.0-SNAPSHOT.jar;C:\Users\Usuario\.m2\repository\org\mongodb\mongodb-driver-sync\5.5.1\mongodb-driver-sync-5.5.1.jar;C:\Users\Usuario\.m2\repository\org\mongodb\bson\5.5.1\bson-5.5.1.jar;C:\Users\Usuario\.m2\repository\org\mongodb\mongodb-driver-core\5.5.1\mongodb-driver-core-5.5.1.jar;C:\Users\Usuario\.m2\repository\org\mongodb\bson-record-codec\5.5.1\bson-record-codec-5.5.1.jar;C:\Users\Usuario\.m2\repository\org\springframework\boot\spring-boot-starter-websocket\4.0.0-SNAPSHOT\spring-boot-starter-websocket-4.0.0-SNAPSHOT.jar;C:\Users\Usuario\.m2\repository\org\springframework\boot\spring-boot-websocket\4.0.0-SNAPSHOT\spring-boot-websocket-4.0.0-SNAPSHOT.jar;C:\Users\Usuario\.m2\repository\org\springframework\spring-messaging\7.0.0-SNAPSHOT\spring-messaging-7.0.0-SNAPSHOT.jar;C:\Users\Usuario\.m2\repository\org\springframework\spring-websocket\7.0.0-SNAPSHOT\spring-websocket-7.0.0-SNAPSHOT.jar;C:\Users\Usuario\.m2\repository\org\springframework\boot\spring-boot-starter\4.0.0-SNAPSHOT\spring-boot-starter-4.0.0-SNAPSHOT.jar;C:\Users\Usuario\.m2\repository\org\springframework\boot\spring-boot\4.0.0-SNAPSHOT\spring-boot-4.0.0-SNAPSHOT.jar;C:\Users\Usuario\.m2\repository\org\springframework\spring-context\7.0.0-SNAPSHOT\spring-context-7.0.0-SNAPSHOT.jar;C:\Users\Usuario\.m2\repository\org\springframework\boot\spring-boot-autoconfigure\4.0.0-SNAPSHOT\spring-boot-autoconfigure-4.0.0-SNAPSHOT.jar;C:\Users\Usuario\.m2\repository\org\springframework\boot\spring-boot-starter-logging\4.0.0-SNAPSHOT\spring-boot-starter-logging-4.0.0-SNAPSHOT.jar;C:\Users\Usuario\.m2\repository\ch\qos\logback\logback-classic\1.5.18\logback-classic-1.5.18.jar;C:\Users\Usuario\.m2\repository\ch\qos\logback\logback-core\1.5.18\logback-core-1.5.18.jar;C:\Users\Usuario\.m2\repository\org\apache\logging\log4j\log4j-to-slf4j\2.24.3\log4j-to-slf4j-2.24.3.jar;C:\Users\Usuario\.m2\repository\org\apache\logging\log4j\log4j-api\2.24.3\log4j-api-2.24.3.jar;C:\Users\Usuario\.m2\repository\org\slf4j\jul-to-slf4j\2.0.17\jul-to-slf4j-2.0.17.jar;C:\Users\Usuario\.m2\repository\jakarta\annotation\jakarta.annotation-api\3.0.0\jakarta.annotation-api-3.0.0.jar;C:\Users\Usuario\.m2\repository\org\springframework\spring-core\7.0.0-SNAPSHOT\spring-core-7.0.0-SNAPSHOT.jar;C:\Users\Usuario\.m2\repository\commons-logging\commons-logging\1.3.5\commons-logging-1.3.5.jar;C:\Users\Usuario\.m2\repository\org\jspecify\jspecify\1.0.0\jspecify-1.0.0.jar;C:\Users\Usuario\.m2\repository\org\yaml\snakeyaml\2.4\snakeyaml-2.4.jar;C:\Users\Usuario\.m2\repository\org\springframework\boot\spring-boot-starter-web\2.3.1.RELEASE\spring-boot-starter-web-2.3.1.RELEASE.jar;C:\Users\Usuario\.m2\repository\org\springframework\boot\spring-boot-starter-json\4.0.0-SNAPSHOT\spring-boot-starter-json-4.0.0-SNAPSHOT.jar;C:\Users\Usuario\.m2\repository\org\springframework\boot\spring-boot-jackson\4.0.0-SNAPSHOT\spring-boot-jackson-4.0.0-SNAPSHOT.jar;C:\Users\Usuario\.m2\repository\com\fasterxml\jackson\core\jackson-databind\2.19.1\jackson-databind-2.19.1.jar;C:\Users\Usuario\.m2\repository\com\fasterxml\jackson\core\jackson-annotations\2.19.1\jackson-annotations-2.19.1.jar;C:\Users\Usuario\.m2\repository\com\fasterxml\jackson\core\jackson-core\2.19.1\jackson-core-2.19.1.jar;C:\Users\Usuario\.m2\repository\com\fasterxml\jackson\datatype\jackson-datatype-jdk8\2.19.1\jackson-datatype-jdk8-2.19.1.jar;C:\Users\Usuario\.m2\repository\com\fasterxml\jackson\datatype\jackson-datatype-jsr310\2.19.1\jackson-datatype-jsr310-2.19.1.jar;C:\Users\Usuario\.m2\repository\com\fasterxml\jackson\module\jackson-module-parameter-names\2.19.1\jackson-module-parameter-names-2.19.1.jar;C:\Users\Usuario\.m2\repository\org\springframework\boot\spring-boot-starter-tomcat\4.0.0-SNAPSHOT\spring-boot-starter-tomcat-4.0.0-SNAPSHOT.jar;C:\Users\Usuario\.m2\repository\org\springframework\boot\spring-boot-tomcat\4.0.0-SNAPSHOT\spring-boot-tomcat-4.0.0-SNAPSHOT.jar;C:\Users\Usuario\.m2\repository\org\springframework\boot\spring-boot-web-server\4.0.0-SNAPSHOT\spring-boot-web-server-4.0.0-SNAPSHOT.jar;C:\Users\Usuario\.m2\repository\org\apache\tomcat\embed\tomcat-embed-core\11.0.9\tomcat-embed-core-11.0.9.jar;C:\Users\Usuario\.m2\repository\org\apache\tomcat\embed\tomcat-embed-el\11.0.9\tomcat-embed-el-11.0.9.jar;C:\Users\Usuario\.m2\repository\org\apache\tomcat\embed\tomcat-embed-websocket\11.0.9\tomcat-embed-websocket-11.0.9.jar;C:\Users\Usuario\.m2\repository\org\springframework\spring-web\7.0.0-SNAPSHOT\spring-web-7.0.0-SNAPSHOT.jar;C:\Users\Usuario\.m2\repository\org\springframework\spring-beans\7.0.0-SNAPSHOT\spring-beans-7.0.0-SNAPSHOT.jar;C:\Users\Usuario\.m2\repository\io\micrometer\micrometer-observation\1.16.0-SNAPSHOT\micrometer-observation-1.16.0-SNAPSHOT.jar;C:\Users\Usuario\.m2\repository\io\micrometer\micrometer-commons\1.16.0-SNAPSHOT\micrometer-commons-1.16.0-SNAPSHOT.jar;C:\Users\Usuario\.m2\repository\org\springframework\spring-webmvc\7.0.0-SNAPSHOT\spring-webmvc-7.0.0-SNAPSHOT.jar;C:\Users\Usuario\.m2\repository\org\springframework\spring-aop\7.0.0-SNAPSHOT\spring-aop-7.0.0-SNAPSHOT.jar;C:\Users\Usuario\.m2\repository\org\springframework\spring-expression\7.0.0-SNAPSHOT\spring-expression-7.0.0-SNAPSHOT.jar;C:\Users\Usuario\.m2\repository\org\springframework\boot\spring-boot-starter-test\4.0.0-SNAPSHOT\spring-boot-starter-test-4.0.0-SNAPSHOT.jar;C:\Users\Usuario\.m2\repository\org\springframework\boot\spring-boot-restclient\4.0.0-SNAPSHOT\spring-boot-restclient-4.0.0-SNAPSHOT.jar;C:\Users\Usuario\.m2\repository\org\springframework\boot\spring-boot-http-client\4.0.0-SNAPSHOT\spring-boot-http-client-4.0.0-SNAPSHOT.jar;C:\Users\Usuario\.m2\repository\org\springframework\boot\spring-boot-http-converter\4.0.0-SNAPSHOT\spring-boot-http-converter-4.0.0-SNAPSHOT.jar;C:\Users\Usuario\.m2\repository\org\springframework\boot\spring-boot-restclient-test\4.0.0-SNAPSHOT\spring-boot-restclient-test-4.0.0-SNAPSHOT.jar;C:\Users\Usuario\.m2\repository\org\springframework\boot\spring-boot-test\4.0.0-SNAPSHOT\spring-boot-test-4.0.0-SNAPSHOT.jar;C:\Users\Usuario\.m2\repository\org\springframework\boot\spring-boot-test-autoconfigure\4.0.0-SNAPSHOT\spring-boot-test-autoconfigure-4.0.0-SNAPSHOT.jar;C:\Users\Usuario\.m2\repository\org\springframework\boot\spring-boot-web-server-test\4.0.0-SNAPSHOT\spring-boot-web-server-test-4.0.0-SNAPSHOT.jar;C:\Users\Usuario\.m2\repository\org\springframework\boot\spring-boot-webclient\4.0.0-SNAPSHOT\spring-boot-webclient-4.0.0-SNAPSHOT.jar;C:\Users\Usuario\.m2\repository\org\springframework\boot\spring-boot-http-codec\4.0.0-SNAPSHOT\spring-boot-http-codec-4.0.0-SNAPSHOT.jar;C:\Users\Usuario\.m2\repository\com\jayway\jsonpath\json-path\2.9.0\json-path-2.9.0.jar;C:\Users\Usuario\.m2\repository\org\slf4j\slf4j-api\2.0.17\slf4j-api-2.0.17.jar;C:\Users\Usuario\.m2\repository\jakarta\xml\bind\jakarta.xml.bind-api\4.0.2\jakarta.xml.bind-api-4.0.2.jar;C:\Users\Usuario\.m2\repository\jakarta\activation\jakarta.activation-api\2.1.3\jakarta.activation-api-2.1.3.jar;C:\Users\Usuario\.m2\repository\net\minidev\json-smart\2.5.2\json-smart-2.5.2.jar;C:\Users\Usuario\.m2\repository\net\minidev\accessors-smart\2.5.2\accessors-smart-2.5.2.jar;C:\Users\Usuario\.m2\repository\org\ow2\asm\asm\9.7.1\asm-9.7.1.jar;C:\Users\Usuario\.m2\repository\org\assertj\assertj-core\3.27.3\assertj-core-3.27.3.jar;C:\Users\Usuario\.m2\repository\net\bytebuddy\byte-buddy\1.17.6\byte-buddy-1.17.6.jar;C:\Users\Usuario\.m2\repository\org\awaitility\awaitility\4.3.0\awaitility-4.3.0.jar;C:\Users\Usuario\.m2\repository\org\hamcrest\hamcrest\3.0\hamcrest-3.0.jar;C:\Users\Usuario\.m2\repository\org\junit\jupiter\junit-jupiter\5.13.3\junit-jupiter-5.13.3.jar;C:\Users\Usuario\.m2\repository\org\junit\jupiter\junit-jupiter-api\5.13.3\junit-jupiter-api-5.13.3.jar;C:\Users\Usuario\.m2\repository\org\opentest4j\opentest4j\1.3.0\opentest4j-1.3.0.jar;C:\Users\Usuario\.m2\repository\org\junit\platform\junit-platform-commons\1.13.3\junit-platform-commons-1.13.3.jar;C:\Users\Usuario\.m2\repository\org\apiguardian\apiguardian-api\1.1.2\apiguardian-api-1.1.2.jar;C:\Users\Usuario\.m2\repository\org\junit\jupiter\junit-jupiter-params\5.13.3\junit-jupiter-params-5.13.3.jar;C:\Users\Usuario\.m2\repository\org\junit\jupiter\junit-jupiter-engine\5.13.3\junit-jupiter-engine-5.13.3.jar;C:\Users\Usuario\.m2\repository\org\junit\platform\junit-platform-engine\1.13.3\junit-platform-engine-1.13.3.jar;C:\Users\Usuario\.m2\repository\org\mockito\mockito-core\5.18.0\mockito-core-5.18.0.jar;C:\Users\Usuario\.m2\repository\net\bytebuddy\byte-buddy-agent\1.17.6\byte-buddy-agent-1.17.6.jar;C:\Users\Usuario\.m2\repository\org\objenesis\objenesis\3.3\objenesis-3.3.jar;C:\Users\Usuario\.m2\repository\org\mockito\mockito-junit-jupiter\5.18.0\mockito-junit-jupiter-5.18.0.jar;C:\Users\Usuario\.m2\repository\org\skyscreamer\jsonassert\1.5.3\jsonassert-1.5.3.jar;C:\Users\Usuario\.m2\repository\com\vaadin\external\google\android-json\0.0.20131108.vaadin1\android-json-0.0.20131108.vaadin1.jar;C:\Users\Usuario\.m2\repository\org\springframework\spring-test\7.0.0-SNAPSHOT\spring-test-7.0.0-SNAPSHOT.jar;C:\Users\Usuario\.m2\repository\org\xmlunit\xmlunit-core\2.10.3\xmlunit-core-2.10.3.jar;"/>
    <property name="sun.cpu.endian" value="little"/>
    <property name="user.home" value="C:\Users\Usuario"/>
    <property name="user.language" value="es"/>
    <property name="java.specification.vendor" value="Oracle Corporation"/>
    <property name="java.version.date" value="2024-04-16"/>
    <property name="java.home" value="C:\Program Files\Java\jdk-21"/>
    <property name="file.separator" value="\"/>
    <property name="basedir" value="F:\Universidad\Intersemestral 2025-i\ARSW\ARSW_BackendProyecto\backend"/>
    <property name="java.vm.compressedOopsMode" value="Zero based"/>
    <property name="line.separator" value="&#10;"/>
    <property name="java.vm.specification.vendor" value="Oracle Corporation"/>
    <property name="java.specification.name" value="Java Platform API Specification"/>
    <property name="FILE_LOG_CHARSET" value="UTF-8"/>
    <property name="java.awt.headless" value="true"/>
    <property name="surefire.real.class.path" value="C:\Users\Usuario\AppData\Local\Temp\surefire6931732469951586193\surefirebooter-20250709182302006_3.jar"/>
    <property name="user.script" value=""/>
    <property name="sun.management.compiler" value="HotSpot 64-Bit Tiered Compilers"/>
    <property name="java.runtime.version" value="21.0.3+7-LTS-152"/>
    <property name="user.name" value="Nicolás"/>
    <property name="stdout.encoding" value="Cp1252"/>
    <property name="path.separator" value=";"/>
    <property name="os.version" value="10.0"/>
    <property name="java.runtime.name" value="Java(TM) SE Runtime Environment"/>
    <property name="file.encoding" value="UTF-8"/>
    <property name="java.vm.name" value="Java HotSpot(TM) 64-Bit Server VM"/>
    <property name="localRepository" value="C:\Users\Usuario\.m2\repository"/>
    <property name="java.vendor.url.bug" value="https://bugreport.java.com/bugreport/"/>
    <property name="java.io.tmpdir" value="C:\Users\Usuario\AppData\Local\Temp\"/>
    <property name="java.version" value="21.0.3"/>
    <property name="user.dir" value="F:\Universidad\Intersemestral 2025-i\ARSW\ARSW_BackendProyecto\backend"/>
    <property name="os.arch" value="amd64"/>
    <property name="java.vm.specification.name" value="Java Virtual Machine Specification"/>
    <property name="PID" value="38408"/>
    <property name="sun.os.patch.level" value=""/>
    <property name="CONSOLE_LOG_CHARSET" value="UTF-8"/>
    <property name="native.encoding" value="Cp1252"/>
    <property name="java.library.path" value="C:\Program Files\Java\jdk-21\bin;C:\WINDOWS\Sun\Java\bin;C:\WINDOWS\system32;C:\WINDOWS;C:\Program Files\Eclipse Adoptium\jdk-21.0.7.6-hotspot\bin;D:\VMware\bin\;C:\Program Files\Common Files\Oracle\Java\javapath;C:\Program Files (x86)\Common Files\Oracle\Java\java8path;C:\Program Files (x86)\Common Files\Oracle\Java\javapath;C:\Program Files\BellSoft\LibericaJDK-11\bin\;C:\ProgramData\Oracle\Java\javapath;C:\WINDOWS\system32;C:\WINDOWS;C:\WINDOWS\System32\Wbem;C:\WINDOWS\System32\WindowsPowerShell\v1.0\;C:\WINDOWS\System32\OpenSSH\;D:\Descargas\apache-maven-3.9.9-bin\apache-maven-3.9.9\bin;C:\Program Files\PuTTY\;D:\Program Files\Git\cmd;D:\Program Files\Git\mingw64\bin;D:\Program Files\Git\usr\bin;D:\Descargas\apache-maven-3.9.9-bin\apache-maven-3.9.9\bin;C:\Program Files\dotnet\;C:\Program Files (x86)\dotnet\;D:\Program Files\;C:\Program Files (x86)\Microsoft SQL Server\160\Tools\Binn\;C:\Program Files\Microsoft SQL Server\160\Tools\Binn\;C:\Program Files\Microsoft SQL Server\Client SDK\ODBC\170\Tools\Binn\;C:\Program Files\Microsoft SQL Server\160\DTS\Binn\;C:\Program Files\Java\jdk-21\bin;C:\Users\Usuario\AppData\Local\Programs\Python\Launcher\;C:\Users\Usuario\AppData\Local\Programs\Python\Python39\Scripts\;C:\Users\Usuario\AppData\Local\Programs\Python\Python39\;C:\Users\Usuario\AppData\Local\Microsoft\WindowsApps;D:\Microsoft VS Code\bin;C:\MinGW\bin;C:\Users\Usuario\AppData\Roaming\npm;;D:\IntelliJ\IntelliJ IDEA 2025.1.2\bin;;."/>
    <property name="java.vm.info" value="mixed mode, sharing"/>
    <property name="stderr.encoding" value="Cp1252"/>
    <property name="java.vendor" value="Oracle Corporation"/>
    <property name="java.vm.version" value="21.0.3+7-LTS-152"/>
    <property name="sun.io.unicode.encoding" value="UnicodeLittle"/>
    <property name="java.class.version" value="65.0"/>
    <property name="LOGGED_APPLICATION_NAME" value="[backend] "/>
  </properties>
  <testcase name="contextLoads" classname="com.menteMaestra.backend.BackendApplicationTests" time="0.455">
    <system-out><![CDATA[18:23:02.808 [main] INFO org.springframework.test.context.support.AnnotationConfigContextLoaderUtils -- Could not detect default configuration classes for test class [com.menteMaestra.backend.BackendApplicationTests]: BackendApplicationTests does not declare any static, non-private, non-final, nested classes annotated with @Configuration.
18:23:02.902 [main] INFO org.springframework.boot.test.context.SpringBootTestContextBootstrapper -- Found @SpringBootConfiguration com.menteMaestra.backend.MenteMaestraApplication for test class com.menteMaestra.backend.BackendApplicationTests

  .   ____          _            __ _ _
 /\\ / ___'_ __ _ _(_)_ __  __ _ \ \ \ \
( ( )\___ | '_ | '_| | '_ \/ _` | \ \ \ \
 \\/  ___)| |_)| | | | | || (_| |  ) ) ) )
  '  |____| .__|_| |_|_| |_\__, | / / / /
 =========|_|==============|___/=/_/_/_/

 :: Spring Boot ::       (v4.0.0-SNAPSHOT)

2025-07-09T18:23:03.190-05:00  INFO 38408 --- [backend] [           main] c.m.backend.BackendApplicationTests      : Starting BackendApplicationTests using Java 21.0.3 with PID 38408 (started by Nicolás in F:\Universidad\Intersemestral 2025-i\ARSW\ARSW_BackendProyecto\backend)
2025-07-09T18:23:03.192-05:00  INFO 38408 --- [backend] [           main] c.m.backend.BackendApplicationTests      : No active profile set, falling back to 1 default profile: "default"
2025-07-09T18:23:03.637-05:00  INFO 38408 --- [backend] [           main] .s.d.r.c.RepositoryConfigurationDelegate : Bootstrapping Spring Data MongoDB repositories in DEFAULT mode.
2025-07-09T18:23:03.687-05:00  INFO 38408 --- [backend] [           main] .s.d.r.c.RepositoryConfigurationDelegate : Finished Spring Data repository scanning in 43 ms. Found 1 MongoDB repository interface.
2025-07-09T18:23:04.012-05:00  INFO 38408 --- [backend] [dxb.mongodb.net] org.mongodb.driver.cluster               : Adding discovered server ac-ognysg5-shard-00-00.lbdodxb.mongodb.net:27017 to client view of cluster
2025-07-09T18:23:04.034-05:00  INFO 38408 --- [backend] [           main] org.mongodb.driver.client                : MongoClient with metadata {"application": {"name": "Cluster0"}, "driver": {"name": "mongo-java-driver|sync|spring-boot", "version": "5.5.1"}, "os": {"type": "Windows", "name": "Windows 11", "architecture": "amd64", "version": "10.0"}, "platform": "Java/Oracle Corporation/21.0.3+7-LTS-152"} created with settings MongoClientSettings{readPreference=primary, writeConcern=WriteConcern{w=majority, wTimeout=null ms, journal=null}, retryWrites=true, retryReads=true, readConcern=ReadConcern{level=null}, credential=MongoCredential{mechanism=null, userName='nicolas', source='admin', password=<hidden>, mechanismProperties=<hidden>}, transportSettings=null, commandListeners=[], codecRegistry=ProvidersCodecRegistry{codecProviders=[ValueCodecProvider{}, BsonValueCodecProvider{}, DBRefCodecProvider{}, DBObjectCodecProvider{}, DocumentCodecProvider{}, CollectionCodecProvider{}, IterableCodecProvider{}, MapCodecProvider{}, GeoJsonCodecProvider{}, GridFSFileCodecProvider{}, Jsr310CodecProvider{}, JsonObjectCodecProvider{}, BsonCodecProvider{}, EnumCodecProvider{}, com.mongodb.client.model.mql.ExpressionCodecProvider@5d318e91, com.mongodb.Jep395RecordCodecProvider@298b64f7, com.mongodb.KotlinCodecProvider@740b6628]}, loggerSettings=LoggerSettings{maxDocumentLength=1000}, clusterSettings={hosts=[127.0.0.1:27017], srvHost=cluster0.lbdodxb.mongodb.net, srvServiceName=mongodb, mode=MULTIPLE, requiredClusterType=REPLICA_SET, requiredReplicaSetName='atlas-eapwlh-shard-0', serverSelector='null', clusterListeners='[]', serverSelectionTimeout='30000 ms', localThreshold='15 ms'}, socketSettings=SocketSettings{connectTimeoutMS=10000, readTimeoutMS=0, receiveBufferSize=0, proxySettings=ProxySettings{host=null, port=null, username=null, password=null}}, heartbeatSocketSettings=SocketSettings{connectTimeoutMS=10000, readTimeoutMS=10000, receiveBufferSize=0, proxySettings=ProxySettings{host=null, port=null, username=null, password=null}}, connectionPoolSettings=ConnectionPoolSettings{maxSize=100, minSize=0, maxWaitTimeMS=120000, maxConnectionLifeTimeMS=0, maxConnectionIdleTimeMS=0, maintenanceInitialDelayMS=0, maintenanceFrequencyMS=60000, connectionPoolListeners=[], maxConnecting=2}, serverSettings=ServerSettings{heartbeatFrequencyMS=10000, minHeartbeatFrequencyMS=500, serverMonitoringMode=AUTO, serverListeners='[]', serverMonitorListeners='[]'}, sslSettings=SslSettings{enabled=true, invalidHostNameAllowed=false, context=null}, applicationName='Cluster0', compressorList=[], uuidRepresentation=JAVA_LEGACY, serverApi=null, autoEncryptionSettings=null, dnsClient=null, inetAddressResolver=null, contextProvider=null, timeoutMS=null}
2025-07-09T18:23:04.039-05:00  INFO 38408 --- [backend] [dxb.mongodb.net] org.mongodb.driver.cluster               : Adding discovered server ac-ognysg5-shard-00-01.lbdodxb.mongodb.net:27017 to client view of cluster
2025-07-09T18:23:04.041-05:00  INFO 38408 --- [backend] [dxb.mongodb.net] org.mongodb.driver.cluster               : Adding discovered server ac-ognysg5-shard-00-02.lbdodxb.mongodb.net:27017 to client view of cluster
2025-07-09T18:23:04.694-05:00  INFO 38408 --- [backend] [ngodb.net:27017] org.mongodb.driver.cluster               : Monitor thread successfully connected to server with description ServerDescription{address=ac-ognysg5-shard-00-02.lbdodxb.mongodb.net:27017, type=REPLICA_SET_PRIMARY, cryptd=false, state=CONNECTED, ok=true, minWireVersion=0, maxWireVersion=25, maxDocumentSize=16777216, logicalSessionTimeoutMinutes=30, roundTripTimeNanos=425475700, minRoundTripTimeNanos=0, setName='atlas-eapwlh-shard-0', canonicalAddress=ac-ognysg5-shard-00-02.lbdodxb.mongodb.net:27017, hosts=[ac-ognysg5-shard-00-02.lbdodxb.mongodb.net:27017, ac-ognysg5-shard-00-01.lbdodxb.mongodb.net:27017, ac-ognysg5-shard-00-00.lbdodxb.mongodb.net:27017], passives=[], arbiters=[], primary='ac-ognysg5-shard-00-02.lbdodxb.mongodb.net:27017', tagSet=TagSet{[Tag{name='availabilityZone', value='use1-az2'}, Tag{name='diskState', value='READY'}, Tag{name='nodeType', value='ELECTABLE'}, Tag{name='provider', value='AWS'}, Tag{name='region', value='US_EAST_1'}, Tag{name='workloadType', value='OPERATIONAL'}]}, electionId=7fffffff00000000000001aa, setVersion=164, topologyVersion=TopologyVersion{processId=68643497411691089caedf14, counter=6}, lastWriteDate=Wed Jul 09 18:23:06 COT 2025, lastUpdateTimeNanos=23937948707300}
2025-07-09T18:23:04.694-05:00  INFO 38408 --- [backend] [ngodb.net:27017] org.mongodb.driver.cluster               : Monitor thread successfully connected to server with description ServerDescription{address=ac-ognysg5-shard-00-00.lbdodxb.mongodb.net:27017, type=REPLICA_SET_SECONDARY, cryptd=false, state=CONNECTED, ok=true, minWireVersion=0, maxWireVersion=25, maxDocumentSize=16777216, logicalSessionTimeoutMinutes=30, roundTripTimeNanos=424480700, minRoundTripTimeNanos=0, setName='atlas-eapwlh-shard-0', canonicalAddress=ac-ognysg5-shard-00-00.lbdodxb.mongodb.net:27017, hosts=[ac-ognysg5-shard-00-02.lbdodxb.mongodb.net:27017, ac-ognysg5-shard-00-01.lbdodxb.mongodb.net:27017, ac-ognysg5-shard-00-00.lbdodxb.mongodb.net:27017], passives=[], arbiters=[], primary='ac-ognysg5-shard-00-02.lbdodxb.mongodb.net:27017', tagSet=TagSet{[Tag{name='availabilityZone', value='use1-az6'}, Tag{name='diskState', value='READY'}, Tag{name='nodeType', value='ELECTABLE'}, Tag{name='provider', value='AWS'}, Tag{name='region', value='US_EAST_1'}, Tag{name='workloadType', value='OPERATIONAL'}]}, electionId=null, setVersion=164, topologyVersion=TopologyVersion{processId=6864328abdee90fc7900fff0, counter=4}, lastWriteDate=Wed Jul 09 18:23:06 COT 2025, lastUpdateTimeNanos=23937948707300}
2025-07-09T18:23:04.694-05:00  INFO 38408 --- [backend] [ngodb.net:27017] org.mongodb.driver.cluster               : Monitor thread successfully connected to server with description ServerDescription{address=ac-ognysg5-shard-00-01.lbdodxb.mongodb.net:27017, type=REPLICA_SET_SECONDARY, cryptd=false, state=CONNECTED, ok=true, minWireVersion=0, maxWireVersion=25, maxDocumentSize=16777216, logicalSessionTimeoutMinutes=30, roundTripTimeNanos=425239100, minRoundTripTimeNanos=0, setName='atlas-eapwlh-shard-0', canonicalAddress=ac-ognysg5-shard-00-01.lbdodxb.mongodb.net:27017, hosts=[ac-ognysg5-shard-00-02.lbdodxb.mongodb.net:27017, ac-ognysg5-shard-00-01.lbdodxb.mongodb.net:27017, ac-ognysg5-shard-00-00.lbdodxb.mongodb.net:27017], passives=[], arbiters=[], primary='ac-ognysg5-shard-00-02.lbdodxb.mongodb.net:27017', tagSet=TagSet{[Tag{name='availabilityZone', value='use1-az1'}, Tag{name='diskState', value='READY'}, Tag{name='nodeType', value='ELECTABLE'}, Tag{name='provider', value='AWS'}, Tag{name='region', value='US_EAST_1'}, Tag{name='workloadType', value='OPERATIONAL'}]}, electionId=null, setVersion=164, topologyVersion=TopologyVersion{processId=6864374af74fd9de22249d82, counter=3}, lastWriteDate=Wed Jul 09 18:23:06 COT 2025, lastUpdateTimeNanos=23937948707300}
2025-07-09T18:23:04.699-05:00  INFO 38408 --- [backend] [ngodb.net:27017] org.mongodb.driver.cluster               : Discovered replica set primary ac-ognysg5-shard-00-02.lbdodxb.mongodb.net:27017 with max election id 7fffffff00000000000001aa and max set version 164
2025-07-09T18:23:04.872-05:00  INFO 38408 --- [backend] [           main] o.s.m.s.b.SimpleBrokerMessageHandler     : Starting...
2025-07-09T18:23:04.873-05:00  INFO 38408 --- [backend] [           main] o.s.m.s.b.SimpleBrokerMessageHandler     : BrokerAvailabilityEvent[available=true, SimpleBrokerMessageHandler [org.springframework.messaging.simp.broker.DefaultSubscriptionRegistry@485451d8]]
2025-07-09T18:23:04.873-05:00  INFO 38408 --- [backend] [           main] o.s.m.s.b.SimpleBrokerMessageHandler     : Started.
2025-07-09T18:23:04.878-05:00  INFO 38408 --- [backend] [           main] c.m.backend.BackendApplicationTests      : Started BackendApplicationTests in 1.882 seconds (process running for 2.635)
]]></system-out>
    <system-err><![CDATA[Mockito is currently self-attaching to enable the inline-mock-maker. This will no longer work in future releases of the JDK. Please add Mockito as an agent to your build as described in Mockito's documentation: https://javadoc.io/doc/org.mockito/mockito-core/latest/org.mockito/org/mockito/Mockito.html#0.3
WARNING: A Java agent has been loaded dynamically (C:\Users\Usuario\.m2\repository\net\bytebuddy\byte-buddy-agent\1.17.6\byte-buddy-agent-1.17.6.jar)
WARNING: If a serviceability tool is in use, please run with -XX:+EnableDynamicAgentLoading to hide this warning
WARNING: If a serviceability tool is not in use, please run with -Djdk.instrument.traceUsage for more information
WARNING: Dynamic loading of agents will be disallowed by default in a future release
]]></system-err>
  </testcase>
</testsuite>