<?xml version="1.0" encoding="UTF-8"?>
<testsuite xmlns:xsi="http://www.w3.org/2001/XMLSchema-instance" xsi:noNamespaceSchemaLocation="https://maven.apache.org/surefire/maven-surefire-plugin/xsd/surefire-test-report.xsd" version="3.0.2" name="com.menteMaestra.backend.config.CargaInicialTest" time="0.674" tests="4" errors="0" skipped="0" failures="0">
  <properties>
    <property name="java.specification.version" value="21"/>
    <property name="sun.cpu.isalist" value="amd64"/>
    <property name="sun.jnu.encoding" value="Cp1252"/>
    <property name="java.class.path" value="E:\Universidad\Intersemestral 2025-i\ARSW\ARSW_BackendProyecto\target\test-classes;E:\Universidad\Intersemestral 2025-i\ARSW\ARSW_BackendProyecto\target\classes;C:\Users\Usuario\.m2\repository\org\springframework\boot\spring-boot-starter-data-mongodb\4.0.0-SNAPSHOT\spring-boot-starter-data-mongodb-4.0.0-SNAPSHOT.jar;C:\Users\Usuario\.m2\repository\org\springframework\boot\spring-boot-data-mongodb\4.0.0-SNAPSHOT\spring-boot-data-mongodb-4.0.0-SNAPSHOT.jar;C:\Users\Usuario\.m2\repository\org\springframework\boot\spring-boot-data-commons\4.0.0-SNAPSHOT\spring-boot-data-commons-4.0.0-SNAPSHOT.jar;C:\Users\Usuario\.m2\repository\org\springframework\boot\spring-boot-webmvc\4.0.0-SNAPSHOT\spring-boot-webmvc-4.0.0-SNAPSHOT.jar;C:\Users\Usuario\.m2\repository\org\springframework\boot\spring-boot-servlet\4.0.0-SNAPSHOT\spring-boot-servlet-4.0.0-SNAPSHOT.jar;C:\Users\Usuario\.m2\repository\org\springframework\boot\spring-boot-http-converter\4.0.0-SNAPSHOT\spring-boot-http-converter-4.0.0-SNAPSHOT.jar;C:\Users\Usuario\.m2\repository\org\springframework\data\spring-data-commons\4.0.0-M4\spring-data-commons-4.0.0-M4.jar;C:\Users\Usuario\.m2\repository\org\springframework\boot\spring-boot-mongodb\4.0.0-SNAPSHOT\spring-boot-mongodb-4.0.0-SNAPSHOT.jar;C:\Users\Usuario\.m2\repository\org\springframework\data\spring-data-mongodb\5.0.0-M4\spring-data-mongodb-5.0.0-M4.jar;C:\Users\Usuario\.m2\repository\org\springframework\boot\spring-boot-tx\4.0.0-SNAPSHOT\spring-boot-tx-4.0.0-SNAPSHOT.jar;C:\Users\Usuario\.m2\repository\org\springframework\spring-tx\7.0.0-M7\spring-tx-7.0.0-M7.jar;C:\Users\Usuario\.m2\repository\org\mongodb\mongodb-driver-sync\5.5.1\mongodb-driver-sync-5.5.1.jar;C:\Users\Usuario\.m2\repository\org\mongodb\bson\5.5.1\bson-5.5.1.jar;C:\Users\Usuario\.m2\repository\org\mongodb\mongodb-driver-core\5.5.1\mongodb-driver-core-5.5.1.jar;C:\Users\Usuario\.m2\repository\org\mongodb\bson-record-codec\5.5.1\bson-record-codec-5.5.1.jar;C:\Users\Usuario\.m2\repository\com\fasterxml\jackson\core\jackson-databind\2.19.1\jackson-databind-2.19.1.jar;C:\Users\Usuario\.m2\repository\com\fasterxml\jackson\core\jackson-annotations\2.19.1\jackson-annotations-2.19.1.jar;C:\Users\Usuario\.m2\repository\com\fasterxml\jackson\core\jackson-core\2.19.1\jackson-core-2.19.1.jar;C:\Users\Usuario\.m2\repository\org\springframework\boot\spring-boot-starter-websocket\4.0.0-SNAPSHOT\spring-boot-starter-websocket-4.0.0-SNAPSHOT.jar;C:\Users\Usuario\.m2\repository\org\springframework\boot\spring-boot-websocket\4.0.0-SNAPSHOT\spring-boot-websocket-4.0.0-SNAPSHOT.jar;C:\Users\Usuario\.m2\repository\org\springframework\spring-messaging\7.0.0-M7\spring-messaging-7.0.0-M7.jar;C:\Users\Usuario\.m2\repository\org\springframework\spring-websocket\7.0.0-M7\spring-websocket-7.0.0-M7.jar;C:\Users\Usuario\.m2\repository\org\springframework\boot\spring-boot-starter\4.0.0-SNAPSHOT\spring-boot-starter-4.0.0-SNAPSHOT.jar;C:\Users\Usuario\.m2\repository\org\springframework\boot\spring-boot\4.0.0-SNAPSHOT\spring-boot-4.0.0-SNAPSHOT.jar;C:\Users\Usuario\.m2\repository\org\springframework\spring-context\7.0.0-M7\spring-context-7.0.0-M7.jar;C:\Users\Usuario\.m2\repository\org\springframework\boot\spring-boot-autoconfigure\4.0.0-SNAPSHOT\spring-boot-autoconfigure-4.0.0-SNAPSHOT.jar;C:\Users\Usuario\.m2\repository\org\springframework\boot\spring-boot-starter-logging\4.0.0-SNAPSHOT\spring-boot-starter-logging-4.0.0-SNAPSHOT.jar;C:\Users\Usuario\.m2\repository\ch\qos\logback\logback-classic\1.5.18\logback-classic-1.5.18.jar;C:\Users\Usuario\.m2\repository\ch\qos\logback\logback-core\1.5.18\logback-core-1.5.18.jar;C:\Users\Usuario\.m2\repository\org\apache\logging\log4j\log4j-to-slf4j\2.24.3\log4j-to-slf4j-2.24.3.jar;C:\Users\Usuario\.m2\repository\org\apache\logging\log4j\log4j-api\2.24.3\log4j-api-2.24.3.jar;C:\Users\Usuario\.m2\repository\org\slf4j\jul-to-slf4j\2.0.17\jul-to-slf4j-2.0.17.jar;C:\Users\Usuario\.m2\repository\jakarta\annotation\jakarta.annotation-api\3.0.0\jakarta.annotation-api-3.0.0.jar;C:\Users\Usuario\.m2\repository\org\springframework\spring-core\7.0.0-M7\spring-core-7.0.0-M7.jar;C:\Users\Usuario\.m2\repository\commons-logging\commons-logging\1.3.5\commons-logging-1.3.5.jar;C:\Users\Usuario\.m2\repository\org\jspecify\jspecify\1.0.0\jspecify-1.0.0.jar;C:\Users\Usuario\.m2\repository\org\yaml\snakeyaml\2.4\snakeyaml-2.4.jar;C:\Users\Usuario\.m2\repository\org\springframework\boot\spring-boot-starter-web\2.3.1.RELEASE\spring-boot-starter-web-2.3.1.RELEASE.jar;C:\Users\Usuario\.m2\repository\org\springframework\boot\spring-boot-starter-json\4.0.0-SNAPSHOT\spring-boot-starter-json-4.0.0-SNAPSHOT.jar;C:\Users\Usuario\.m2\repository\org\springframework\boot\spring-boot-jackson\4.0.0-SNAPSHOT\spring-boot-jackson-4.0.0-SNAPSHOT.jar;C:\Users\Usuario\.m2\repository\com\fasterxml\jackson\datatype\jackson-datatype-jdk8\2.19.1\jackson-datatype-jdk8-2.19.1.jar;C:\Users\Usuario\.m2\repository\com\fasterxml\jackson\datatype\jackson-datatype-jsr310\2.19.1\jackson-datatype-jsr310-2.19.1.jar;C:\Users\Usuario\.m2\repository\com\fasterxml\jackson\module\jackson-module-parameter-names\2.19.1\jackson-module-parameter-names-2.19.1.jar;C:\Users\Usuario\.m2\repository\org\springframework\boot\spring-boot-starter-tomcat\4.0.0-SNAPSHOT\spring-boot-starter-tomcat-4.0.0-SNAPSHOT.jar;C:\Users\Usuario\.m2\repository\org\springframework\boot\spring-boot-tomcat\4.0.0-SNAPSHOT\spring-boot-tomcat-4.0.0-SNAPSHOT.jar;C:\Users\Usuario\.m2\repository\org\springframework\boot\spring-boot-web-server\4.0.0-SNAPSHOT\spring-boot-web-server-4.0.0-SNAPSHOT.jar;C:\Users\Usuario\.m2\repository\org\apache\tomcat\embed\tomcat-embed-core\11.0.9\tomcat-embed-core-11.0.9.jar;C:\Users\Usuario\.m2\repository\org\apache\tomcat\embed\tomcat-embed-el\11.0.9\tomcat-embed-el-11.0.9.jar;C:\Users\Usuario\.m2\repository\org\apache\tomcat\embed\tomcat-embed-websocket\11.0.9\tomcat-embed-websocket-11.0.9.jar;C:\Users\Usuario\.m2\repository\org\springframework\spring-web\7.0.0-M7\spring-web-7.0.0-M7.jar;C:\Users\Usuario\.m2\repository\org\springframework\spring-beans\7.0.0-M7\spring-beans-7.0.0-M7.jar;C:\Users\Usuario\.m2\repository\io\micrometer\micrometer-observation\1.16.0-M1\micrometer-observation-1.16.0-M1.jar;C:\Users\Usuario\.m2\repository\io\micrometer\micrometer-commons\1.16.0-M1\micrometer-commons-1.16.0-M1.jar;C:\Users\Usuario\.m2\repository\org\springframework\spring-webmvc\7.0.0-M7\spring-webmvc-7.0.0-M7.jar;C:\Users\Usuario\.m2\repository\org\springframework\spring-aop\7.0.0-M7\spring-aop-7.0.0-M7.jar;C:\Users\Usuario\.m2\repository\org\springframework\spring-expression\7.0.0-M7\spring-expression-7.0.0-M7.jar;C:\Users\Usuario\.m2\repository\org\mockito\mockito-core\5.12.0\mockito-core-5.12.0.jar;C:\Users\Usuario\.m2\repository\net\bytebuddy\byte-buddy\1.17.6\byte-buddy-1.17.6.jar;C:\Users\Usuario\.m2\repository\net\bytebuddy\byte-buddy-agent\1.17.6\byte-buddy-agent-1.17.6.jar;C:\Users\Usuario\.m2\repository\org\objenesis\objenesis\3.3\objenesis-3.3.jar;C:\Users\Usuario\.m2\repository\org\junit\jupiter\junit-jupiter\5.10.1\junit-jupiter-5.10.1.jar;C:\Users\Usuario\.m2\repository\org\junit\jupiter\junit-jupiter-api\5.13.3\junit-jupiter-api-5.13.3.jar;C:\Users\Usuario\.m2\repository\org\opentest4j\opentest4j\1.3.0\opentest4j-1.3.0.jar;C:\Users\Usuario\.m2\repository\org\junit\platform\junit-platform-commons\1.13.3\junit-platform-commons-1.13.3.jar;C:\Users\Usuario\.m2\repository\org\apiguardian\apiguardian-api\1.1.2\apiguardian-api-1.1.2.jar;C:\Users\Usuario\.m2\repository\org\junit\jupiter\junit-jupiter-params\5.13.3\junit-jupiter-params-5.13.3.jar;C:\Users\Usuario\.m2\repository\org\junit\jupiter\junit-jupiter-engine\5.13.3\junit-jupiter-engine-5.13.3.jar;C:\Users\Usuario\.m2\repository\org\junit\platform\junit-platform-engine\1.13.3\junit-platform-engine-1.13.3.jar;C:\Users\Usuario\.m2\repository\org\springframework\boot\spring-boot-starter-test\4.0.0-SNAPSHOT\spring-boot-starter-test-4.0.0-SNAPSHOT.jar;C:\Users\Usuario\.m2\repository\org\springframework\boot\spring-boot-test\4.0.0-SNAPSHOT\spring-boot-test-4.0.0-SNAPSHOT.jar;C:\Users\Usuario\.m2\repository\org\springframework\boot\spring-boot-http-client\4.0.0-SNAPSHOT\spring-boot-http-client-4.0.0-SNAPSHOT.jar;C:\Users\Usuario\.m2\repository\org\springframework\boot\spring-boot-http-codec\4.0.0-SNAPSHOT\spring-boot-http-codec-4.0.0-SNAPSHOT.jar;C:\Users\Usuario\.m2\repository\org\springframework\boot\spring-boot-restclient\4.0.0-SNAPSHOT\spring-boot-restclient-4.0.0-SNAPSHOT.jar;C:\Users\Usuario\.m2\repository\org\springframework\boot\spring-boot-restclient-test\4.0.0-SNAPSHOT\spring-boot-restclient-test-4.0.0-SNAPSHOT.jar;C:\Users\Usuario\.m2\repository\org\springframework\boot\spring-boot-test-autoconfigure\4.0.0-SNAPSHOT\spring-boot-test-autoconfigure-4.0.0-SNAPSHOT.jar;C:\Users\Usuario\.m2\repository\org\springframework\boot\spring-boot-web-server-test\4.0.0-SNAPSHOT\spring-boot-web-server-test-4.0.0-SNAPSHOT.jar;C:\Users\Usuario\.m2\repository\org\springframework\boot\spring-boot-webclient\4.0.0-SNAPSHOT\spring-boot-webclient-4.0.0-SNAPSHOT.jar;C:\Users\Usuario\.m2\repository\com\jayway\jsonpath\json-path\2.9.0\json-path-2.9.0.jar;C:\Users\Usuario\.m2\repository\org\slf4j\slf4j-api\2.0.17\slf4j-api-2.0.17.jar;C:\Users\Usuario\.m2\repository\jakarta\xml\bind\jakarta.xml.bind-api\4.0.2\jakarta.xml.bind-api-4.0.2.jar;C:\Users\Usuario\.m2\repository\jakarta\activation\jakarta.activation-api\2.1.3\jakarta.activation-api-2.1.3.jar;C:\Users\Usuario\.m2\repository\net\minidev\json-smart\2.5.2\json-smart-2.5.2.jar;C:\Users\Usuario\.m2\repository\net\minidev\accessors-smart\2.5.2\accessors-smart-2.5.2.jar;C:\Users\Usuario\.m2\repository\org\ow2\asm\asm\9.7.1\asm-9.7.1.jar;C:\Users\Usuario\.m2\repository\org\assertj\assertj-core\3.27.3\assertj-core-3.27.3.jar;C:\Users\Usuario\.m2\repository\org\awaitility\awaitility\4.3.0\awaitility-4.3.0.jar;C:\Users\Usuario\.m2\repository\org\hamcrest\hamcrest\3.0\hamcrest-3.0.jar;C:\Users\Usuario\.m2\repository\org\mockito\mockito-junit-jupiter\5.18.0\mockito-junit-jupiter-5.18.0.jar;C:\Users\Usuario\.m2\repository\org\skyscreamer\jsonassert\1.5.3\jsonassert-1.5.3.jar;C:\Users\Usuario\.m2\repository\com\vaadin\external\google\android-json\0.0.20131108.vaadin1\android-json-0.0.20131108.vaadin1.jar;C:\Users\Usuario\.m2\repository\org\springframework\spring-test\7.0.0-M7\spring-test-7.0.0-M7.jar;C:\Users\Usuario\.m2\repository\org\xmlunit\xmlunit-core\2.10.3\xmlunit-core-2.10.3.jar;"/>
    <property name="java.vm.vendor" value="Oracle Corporation"/>
    <property name="sun.arch.data.model" value="64"/>
    <property name="user.variant" value=""/>
    <property name="java.vendor.url" value="https://java.oracle.com/"/>
    <property name="user.timezone" value="America/Bogota"/>
    <property name="os.name" value="Windows 11"/>
    <property name="java.vm.specification.version" value="21"/>
    <property name="APPLICATION_NAME" value="backend"/>
    <property name="sun.java.launcher" value="SUN_STANDARD"/>
    <property name="user.country" value="CO"/>
    <property name="sun.boot.library.path" value="C:\Program Files\Java\jdk-21\bin"/>
    <property name="sun.java.command" value="C:\Users\Usuario\AppData\Local\Temp\surefire18156109987407885949\surefirebooter-20250721184023783_3.jar C:\Users\Usuario\AppData\Local\Temp\surefire18156109987407885949 2025-07-21T18-40-23_677-jvmRun1 surefire-20250721184023783_1tmp surefire_0-20250721184023783_2tmp"/>
    <property name="jdk.debug" value="release"/>
    <property name="surefire.test.class.path" value="E:\Universidad\Intersemestral 2025-i\ARSW\ARSW_BackendProyecto\target\test-classes;E:\Universidad\Intersemestral 2025-i\ARSW\ARSW_BackendProyecto\target\classes;C:\Users\Usuario\.m2\repository\org\springframework\boot\spring-boot-starter-data-mongodb\4.0.0-SNAPSHOT\spring-boot-starter-data-mongodb-4.0.0-SNAPSHOT.jar;C:\Users\Usuario\.m2\repository\org\springframework\boot\spring-boot-data-mongodb\4.0.0-SNAPSHOT\spring-boot-data-mongodb-4.0.0-SNAPSHOT.jar;C:\Users\Usuario\.m2\repository\org\springframework\boot\spring-boot-data-commons\4.0.0-SNAPSHOT\spring-boot-data-commons-4.0.0-SNAPSHOT.jar;C:\Users\Usuario\.m2\repository\org\springframework\boot\spring-boot-webmvc\4.0.0-SNAPSHOT\spring-boot-webmvc-4.0.0-SNAPSHOT.jar;C:\Users\Usuario\.m2\repository\org\springframework\boot\spring-boot-servlet\4.0.0-SNAPSHOT\spring-boot-servlet-4.0.0-SNAPSHOT.jar;C:\Users\Usuario\.m2\repository\org\springframework\boot\spring-boot-http-converter\4.0.0-SNAPSHOT\spring-boot-http-converter-4.0.0-SNAPSHOT.jar;C:\Users\Usuario\.m2\repository\org\springframework\data\spring-data-commons\4.0.0-M4\spring-data-commons-4.0.0-M4.jar;C:\Users\Usuario\.m2\repository\org\springframework\boot\spring-boot-mongodb\4.0.0-SNAPSHOT\spring-boot-mongodb-4.0.0-SNAPSHOT.jar;C:\Users\Usuario\.m2\repository\org\springframework\data\spring-data-mongodb\5.0.0-M4\spring-data-mongodb-5.0.0-M4.jar;C:\Users\Usuario\.m2\repository\org\springframework\boot\spring-boot-tx\4.0.0-SNAPSHOT\spring-boot-tx-4.0.0-SNAPSHOT.jar;C:\Users\Usuario\.m2\repository\org\springframework\spring-tx\7.0.0-M7\spring-tx-7.0.0-M7.jar;C:\Users\Usuario\.m2\repository\org\mongodb\mongodb-driver-sync\5.5.1\mongodb-driver-sync-5.5.1.jar;C:\Users\Usuario\.m2\repository\org\mongodb\bson\5.5.1\bson-5.5.1.jar;C:\Users\Usuario\.m2\repository\org\mongodb\mongodb-driver-core\5.5.1\mongodb-driver-core-5.5.1.jar;C:\Users\Usuario\.m2\repository\org\mongodb\bson-record-codec\5.5.1\bson-record-codec-5.5.1.jar;C:\Users\Usuario\.m2\repository\com\fasterxml\jackson\core\jackson-databind\2.19.1\jackson-databind-2.19.1.jar;C:\Users\Usuario\.m2\repository\com\fasterxml\jackson\core\jackson-annotations\2.19.1\jackson-annotations-2.19.1.jar;C:\Users\Usuario\.m2\repository\com\fasterxml\jackson\core\jackson-core\2.19.1\jackson-core-2.19.1.jar;C:\Users\Usuario\.m2\repository\org\springframework\boot\spring-boot-starter-websocket\4.0.0-SNAPSHOT\spring-boot-starter-websocket-4.0.0-SNAPSHOT.jar;C:\Users\Usuario\.m2\repository\org\springframework\boot\spring-boot-websocket\4.0.0-SNAPSHOT\spring-boot-websocket-4.0.0-SNAPSHOT.jar;C:\Users\Usuario\.m2\repository\org\springframework\spring-messaging\7.0.0-M7\spring-messaging-7.0.0-M7.jar;C:\Users\Usuario\.m2\repository\org\springframework\spring-websocket\7.0.0-M7\spring-websocket-7.0.0-M7.jar;C:\Users\Usuario\.m2\repository\org\springframework\boot\spring-boot-starter\4.0.0-SNAPSHOT\spring-boot-starter-4.0.0-SNAPSHOT.jar;C:\Users\Usuario\.m2\repository\org\springframework\boot\spring-boot\4.0.0-SNAPSHOT\spring-boot-4.0.0-SNAPSHOT.jar;C:\Users\Usuario\.m2\repository\org\springframework\spring-context\7.0.0-M7\spring-context-7.0.0-M7.jar;C:\Users\Usuario\.m2\repository\org\springframework\boot\spring-boot-autoconfigure\4.0.0-SNAPSHOT\spring-boot-autoconfigure-4.0.0-SNAPSHOT.jar;C:\Users\Usuario\.m2\repository\org\springframework\boot\spring-boot-starter-logging\4.0.0-SNAPSHOT\spring-boot-starter-logging-4.0.0-SNAPSHOT.jar;C:\Users\Usuario\.m2\repository\ch\qos\logback\logback-classic\1.5.18\logback-classic-1.5.18.jar;C:\Users\Usuario\.m2\repository\ch\qos\logback\logback-core\1.5.18\logback-core-1.5.18.jar;C:\Users\Usuario\.m2\repository\org\apache\logging\log4j\log4j-to-slf4j\2.24.3\log4j-to-slf4j-2.24.3.jar;C:\Users\Usuario\.m2\repository\org\apache\logging\log4j\log4j-api\2.24.3\log4j-api-2.24.3.jar;C:\Users\Usuario\.m2\repository\org\slf4j\jul-to-slf4j\2.0.17\jul-to-slf4j-2.0.17.jar;C:\Users\Usuario\.m2\repository\jakarta\annotation\jakarta.annotation-api\3.0.0\jakarta.annotation-api-3.0.0.jar;C:\Users\Usuario\.m2\repository\org\springframework\spring-core\7.0.0-M7\spring-core-7.0.0-M7.jar;C:\Users\Usuario\.m2\repository\commons-logging\commons-logging\1.3.5\commons-logging-1.3.5.jar;C:\Users\Usuario\.m2\repository\org\jspecify\jspecify\1.0.0\jspecify-1.0.0.jar;C:\Users\Usuario\.m2\repository\org\yaml\snakeyaml\2.4\snakeyaml-2.4.jar;C:\Users\Usuario\.m2\repository\org\springframework\boot\spring-boot-starter-web\2.3.1.RELEASE\spring-boot-starter-web-2.3.1.RELEASE.jar;C:\Users\Usuario\.m2\repository\org\springframework\boot\spring-boot-starter-json\4.0.0-SNAPSHOT\spring-boot-starter-json-4.0.0-SNAPSHOT.jar;C:\Users\Usuario\.m2\repository\org\springframework\boot\spring-boot-jackson\4.0.0-SNAPSHOT\spring-boot-jackson-4.0.0-SNAPSHOT.jar;C:\Users\Usuario\.m2\repository\com\fasterxml\jackson\datatype\jackson-datatype-jdk8\2.19.1\jackson-datatype-jdk8-2.19.1.jar;C:\Users\Usuario\.m2\repository\com\fasterxml\jackson\datatype\jackson-datatype-jsr310\2.19.1\jackson-datatype-jsr310-2.19.1.jar;C:\Users\Usuario\.m2\repository\com\fasterxml\jackson\module\jackson-module-parameter-names\2.19.1\jackson-module-parameter-names-2.19.1.jar;C:\Users\Usuario\.m2\repository\org\springframework\boot\spring-boot-starter-tomcat\4.0.0-SNAPSHOT\spring-boot-starter-tomcat-4.0.0-SNAPSHOT.jar;C:\Users\Usuario\.m2\repository\org\springframework\boot\spring-boot-tomcat\4.0.0-SNAPSHOT\spring-boot-tomcat-4.0.0-SNAPSHOT.jar;C:\Users\Usuario\.m2\repository\org\springframework\boot\spring-boot-web-server\4.0.0-SNAPSHOT\spring-boot-web-server-4.0.0-SNAPSHOT.jar;C:\Users\Usuario\.m2\repository\org\apache\tomcat\embed\tomcat-embed-core\11.0.9\tomcat-embed-core-11.0.9.jar;C:\Users\Usuario\.m2\repository\org\apache\tomcat\embed\tomcat-embed-el\11.0.9\tomcat-embed-el-11.0.9.jar;C:\Users\Usuario\.m2\repository\org\apache\tomcat\embed\tomcat-embed-websocket\11.0.9\tomcat-embed-websocket-11.0.9.jar;C:\Users\Usuario\.m2\repository\org\springframework\spring-web\7.0.0-M7\spring-web-7.0.0-M7.jar;C:\Users\Usuario\.m2\repository\org\springframework\spring-beans\7.0.0-M7\spring-beans-7.0.0-M7.jar;C:\Users\Usuario\.m2\repository\io\micrometer\micrometer-observation\1.16.0-M1\micrometer-observation-1.16.0-M1.jar;C:\Users\Usuario\.m2\repository\io\micrometer\micrometer-commons\1.16.0-M1\micrometer-commons-1.16.0-M1.jar;C:\Users\Usuario\.m2\repository\org\springframework\spring-webmvc\7.0.0-M7\spring-webmvc-7.0.0-M7.jar;C:\Users\Usuario\.m2\repository\org\springframework\spring-aop\7.0.0-M7\spring-aop-7.0.0-M7.jar;C:\Users\Usuario\.m2\repository\org\springframework\spring-expression\7.0.0-M7\spring-expression-7.0.0-M7.jar;C:\Users\Usuario\.m2\repository\org\mockito\mockito-core\5.12.0\mockito-core-5.12.0.jar;C:\Users\Usuario\.m2\repository\net\bytebuddy\byte-buddy\1.17.6\byte-buddy-1.17.6.jar;C:\Users\Usuario\.m2\repository\net\bytebuddy\byte-buddy-agent\1.17.6\byte-buddy-agent-1.17.6.jar;C:\Users\Usuario\.m2\repository\org\objenesis\objenesis\3.3\objenesis-3.3.jar;C:\Users\Usuario\.m2\repository\org\junit\jupiter\junit-jupiter\5.10.1\junit-jupiter-5.10.1.jar;C:\Users\Usuario\.m2\repository\org\junit\jupiter\junit-jupiter-api\5.13.3\junit-jupiter-api-5.13.3.jar;C:\Users\Usuario\.m2\repository\org\opentest4j\opentest4j\1.3.0\opentest4j-1.3.0.jar;C:\Users\Usuario\.m2\repository\org\junit\platform\junit-platform-commons\1.13.3\junit-platform-commons-1.13.3.jar;C:\Users\Usuario\.m2\repository\org\apiguardian\apiguardian-api\1.1.2\apiguardian-api-1.1.2.jar;C:\Users\Usuario\.m2\repository\org\junit\jupiter\junit-jupiter-params\5.13.3\junit-jupiter-params-5.13.3.jar;C:\Users\Usuario\.m2\repository\org\junit\jupiter\junit-jupiter-engine\5.13.3\junit-jupiter-engine-5.13.3.jar;C:\Users\Usuario\.m2\repository\org\junit\platform\junit-platform-engine\1.13.3\junit-platform-engine-1.13.3.jar;C:\Users\Usuario\.m2\repository\org\springframework\boot\spring-boot-starter-test\4.0.0-SNAPSHOT\spring-boot-starter-test-4.0.0-SNAPSHOT.jar;C:\Users\Usuario\.m2\repository\org\springframework\boot\spring-boot-test\4.0.0-SNAPSHOT\spring-boot-test-4.0.0-SNAPSHOT.jar;C:\Users\Usuario\.m2\repository\org\springframework\boot\spring-boot-http-client\4.0.0-SNAPSHOT\spring-boot-http-client-4.0.0-SNAPSHOT.jar;C:\Users\Usuario\.m2\repository\org\springframework\boot\spring-boot-http-codec\4.0.0-SNAPSHOT\spring-boot-http-codec-4.0.0-SNAPSHOT.jar;C:\Users\Usuario\.m2\repository\org\springframework\boot\spring-boot-restclient\4.0.0-SNAPSHOT\spring-boot-restclient-4.0.0-SNAPSHOT.jar;C:\Users\Usuario\.m2\repository\org\springframework\boot\spring-boot-restclient-test\4.0.0-SNAPSHOT\spring-boot-restclient-test-4.0.0-SNAPSHOT.jar;C:\Users\Usuario\.m2\repository\org\springframework\boot\spring-boot-test-autoconfigure\4.0.0-SNAPSHOT\spring-boot-test-autoconfigure-4.0.0-SNAPSHOT.jar;C:\Users\Usuario\.m2\repository\org\springframework\boot\spring-boot-web-server-test\4.0.0-SNAPSHOT\spring-boot-web-server-test-4.0.0-SNAPSHOT.jar;C:\Users\Usuario\.m2\repository\org\springframework\boot\spring-boot-webclient\4.0.0-SNAPSHOT\spring-boot-webclient-4.0.0-SNAPSHOT.jar;C:\Users\Usuario\.m2\repository\com\jayway\jsonpath\json-path\2.9.0\json-path-2.9.0.jar;C:\Users\Usuario\.m2\repository\org\slf4j\slf4j-api\2.0.17\slf4j-api-2.0.17.jar;C:\Users\Usuario\.m2\repository\jakarta\xml\bind\jakarta.xml.bind-api\4.0.2\jakarta.xml.bind-api-4.0.2.jar;C:\Users\Usuario\.m2\repository\jakarta\activation\jakarta.activation-api\2.1.3\jakarta.activation-api-2.1.3.jar;C:\Users\Usuario\.m2\repository\net\minidev\json-smart\2.5.2\json-smart-2.5.2.jar;C:\Users\Usuario\.m2\repository\net\minidev\accessors-smart\2.5.2\accessors-smart-2.5.2.jar;C:\Users\Usuario\.m2\repository\org\ow2\asm\asm\9.7.1\asm-9.7.1.jar;C:\Users\Usuario\.m2\repository\org\assertj\assertj-core\3.27.3\assertj-core-3.27.3.jar;C:\Users\Usuario\.m2\repository\org\awaitility\awaitility\4.3.0\awaitility-4.3.0.jar;C:\Users\Usuario\.m2\repository\org\hamcrest\hamcrest\3.0\hamcrest-3.0.jar;C:\Users\Usuario\.m2\repository\org\mockito\mockito-junit-jupiter\5.18.0\mockito-junit-jupiter-5.18.0.jar;C:\Users\Usuario\.m2\repository\org\skyscreamer\jsonassert\1.5.3\jsonassert-1.5.3.jar;C:\Users\Usuario\.m2\repository\com\vaadin\external\google\android-json\0.0.20131108.vaadin1\android-json-0.0.20131108.vaadin1.jar;C:\Users\Usuario\.m2\repository\org\springframework\spring-test\7.0.0-M7\spring-test-7.0.0-M7.jar;C:\Users\Usuario\.m2\repository\org\xmlunit\xmlunit-core\2.10.3\xmlunit-core-2.10.3.jar;"/>
    <property name="sun.cpu.endian" value="little"/>
    <property name="user.home" value="C:\Users\Usuario"/>
    <property name="user.language" value="es"/>
    <property name="java.specification.vendor" value="Oracle Corporation"/>
    <property name="java.version.date" value="2024-04-16"/>
    <property name="java.home" value="C:\Program Files\Java\jdk-21"/>
    <property name="file.separator" value="\"/>
    <property name="basedir" value="E:\Universidad\Intersemestral 2025-i\ARSW\ARSW_BackendProyecto"/>
    <property name="java.vm.compressedOopsMode" value="Zero based"/>
    <property name="line.separator" value="&#10;"/>
    <property name="java.vm.specification.vendor" value="Oracle Corporation"/>
    <property name="java.specification.name" value="Java Platform API Specification"/>
    <property name="FILE_LOG_CHARSET" value="UTF-8"/>
    <property name="java.awt.headless" value="true"/>
    <property name="surefire.real.class.path" value="C:\Users\Usuario\AppData\Local\Temp\surefire18156109987407885949\surefirebooter-20250721184023783_3.jar"/>
    <property name="user.script" value=""/>
    <property name="sun.management.compiler" value="HotSpot 64-Bit Tiered Compilers"/>
    <property name="java.runtime.version" value="21.0.3+7-LTS-152"/>
    <property name="user.name" value="Nicolás"/>
    <property name="stdout.encoding" value="Cp1252"/>
    <property name="path.separator" value=";"/>
    <property name="os.version" value="10.0"/>
    <property name="java.runtime.name" value="Java(TM) SE Runtime Environment"/>
    <property name="file.encoding" value="UTF-8"/>
    <property name="java.vm.name" value="Java HotSpot(TM) 64-Bit Server VM"/>
    <property name="localRepository" value="C:\Users\Usuario\.m2\repository"/>
    <property name="java.vendor.url.bug" value="https://bugreport.java.com/bugreport/"/>
    <property name="java.io.tmpdir" value="C:\Users\Usuario\AppData\Local\Temp\"/>
    <property name="java.version" value="21.0.3"/>
    <property name="user.dir" value="E:\Universidad\Intersemestral 2025-i\ARSW\ARSW_BackendProyecto"/>
    <property name="os.arch" value="amd64"/>
    <property name="java.vm.specification.name" value="Java Virtual Machine Specification"/>
    <property name="PID" value="27924"/>
    <property name="sun.os.patch.level" value=""/>
    <property name="CONSOLE_LOG_CHARSET" value="UTF-8"/>
    <property name="native.encoding" value="Cp1252"/>
    <property name="java.library.path" value="C:\Program Files\Java\jdk-21\bin;C:\WINDOWS\Sun\Java\bin;C:\WINDOWS\system32;C:\WINDOWS;C:\Program Files\Eclipse Adoptium\jdk-21.0.7.6-hotspot\bin;D:\VMware\bin\;C:\Program Files\Common Files\Oracle\Java\javapath;C:\Program Files (x86)\Common Files\Oracle\Java\java8path;C:\Program Files (x86)\Common Files\Oracle\Java\javapath;C:\Program Files\BellSoft\LibericaJDK-11\bin\;C:\ProgramData\Oracle\Java\javapath;C:\WINDOWS\system32;C:\WINDOWS;C:\WINDOWS\System32\Wbem;C:\WINDOWS\System32\WindowsPowerShell\v1.0\;C:\WINDOWS\System32\OpenSSH\;D:\Descargas\apache-maven-3.9.9-bin\apache-maven-3.9.9\bin;C:\Program Files\PuTTY\;D:\Program Files\Git\cmd;D:\Program Files\Git\mingw64\bin;D:\Program Files\Git\usr\bin;D:\Descargas\apache-maven-3.9.9-bin\apache-maven-3.9.9\bin;C:\Program Files\dotnet\;C:\Program Files (x86)\dotnet\;D:\Program Files\;C:\Program Files (x86)\Microsoft SQL Server\160\Tools\Binn\;C:\Program Files\Microsoft SQL Server\160\Tools\Binn\;C:\Program Files\Microsoft SQL Server\Client SDK\ODBC\170\Tools\Binn\;C:\Program Files\Microsoft SQL Server\160\DTS\Binn\;C:\Program Files\Java\jdk-21\bin;;C:\Program Files\Docker\Docker\resources\bin;C:\Users\Usuario\AppData\Local\Programs\Python\Launcher\;C:\Users\Usuario\AppData\Local\Programs\Python\Python39\Scripts\;C:\Users\Usuario\AppData\Local\Programs\Python\Python39\;C:\Users\Usuario\AppData\Local\Microsoft\WindowsApps;D:\Microsoft VS Code\bin;C:\MinGW\bin;C:\Users\Usuario\AppData\Roaming\npm;;D:\IntelliJ\IntelliJ IDEA 2025.1.2\bin;;."/>
    <property name="java.vm.info" value="mixed mode, sharing"/>
    <property name="stderr.encoding" value="Cp1252"/>
    <property name="java.vendor" value="Oracle Corporation"/>
    <property name="java.vm.version" value="21.0.3+7-LTS-152"/>
    <property name="sun.io.unicode.encoding" value="UnicodeLittle"/>
    <property name="java.class.version" value="65.0"/>
    <property name="LOGGED_APPLICATION_NAME" value="[backend] "/>
  </properties>
  <testcase name="noCargaSiYaHayPreguntas" classname="com.menteMaestra.backend.config.CargaInicialTest" time="0.459"/>
  <testcase name="noDebeCargarPreguntasSiRepositorioNoEstaVacio" classname="com.menteMaestra.backend.config.CargaInicialTest" time="0.002"/>
  <testcase name="debeCargarPreguntasSiRepositorioEstaVacio" classname="com.menteMaestra.backend.config.CargaInicialTest" time="0.168">
    <system-out><![CDATA[2025-07-21T18:40:30.686-05:00  INFO 27924 --- [backend] [           main] c.m.backend.config.CargaInicial          : === VERIFICACIÓN DE CARGA ===
2025-07-21T18:40:30.689-05:00  INFO 27924 --- [backend] [           main] c.m.backend.config.CargaInicial          : 
Pregunta: ¿Cuál es el río más largo del mundo?
2025-07-21T18:40:30.691-05:00  INFO 27924 --- [backend] [           main] c.m.backend.config.CargaInicial          : Opción: Nilo | Correcta en JSON: false
2025-07-21T18:40:30.691-05:00  INFO 27924 --- [backend] [           main] c.m.backend.config.CargaInicial          : Opción: Amazonas | Correcta en JSON: true
2025-07-21T18:40:30.691-05:00  INFO 27924 --- [backend] [           main] c.m.backend.config.CargaInicial          : Opción: Yangtsé | Correcta en JSON: false
2025-07-21T18:40:30.691-05:00  INFO 27924 --- [backend] [           main] c.m.backend.config.CargaInicial          : Opción: Misisipi | Correcta en JSON: false
2025-07-21T18:40:30.691-05:00  INFO 27924 --- [backend] [           main] c.m.backend.config.CargaInicial          : 
Pregunta: ¿En qué año llegó el hombre a la Luna?
2025-07-21T18:40:30.691-05:00  INFO 27924 --- [backend] [           main] c.m.backend.config.CargaInicial          : Opción: 1965 | Correcta en JSON: false
2025-07-21T18:40:30.691-05:00  INFO 27924 --- [backend] [           main] c.m.backend.config.CargaInicial          : Opción: 1969 | Correcta en JSON: true
2025-07-21T18:40:30.691-05:00  INFO 27924 --- [backend] [           main] c.m.backend.config.CargaInicial          : Opción: 1972 | Correcta en JSON: false
2025-07-21T18:40:30.692-05:00  INFO 27924 --- [backend] [           main] c.m.backend.config.CargaInicial          : Opción: 1958 | Correcta en JSON: false
2025-07-21T18:40:30.692-05:00  INFO 27924 --- [backend] [           main] c.m.backend.config.CargaInicial          : 
Pregunta: ¿Quién pintó la Mona Lisa?
2025-07-21T18:40:30.692-05:00  INFO 27924 --- [backend] [           main] c.m.backend.config.CargaInicial          : Opción: Pablo Picasso | Correcta en JSON: false
2025-07-21T18:40:30.692-05:00  INFO 27924 --- [backend] [           main] c.m.backend.config.CargaInicial          : Opción: Vincent van Gogh | Correcta en JSON: false
2025-07-21T18:40:30.692-05:00  INFO 27924 --- [backend] [           main] c.m.backend.config.CargaInicial          : Opción: Leonardo da Vinci | Correcta en JSON: true
2025-07-21T18:40:30.692-05:00  INFO 27924 --- [backend] [           main] c.m.backend.config.CargaInicial          : Opción: Miguel Ángel | Correcta en JSON: false
2025-07-21T18:40:30.692-05:00  INFO 27924 --- [backend] [           main] c.m.backend.config.CargaInicial          : 
Pregunta: ¿Cuál es el metal más caro del mundo?
2025-07-21T18:40:30.692-05:00  INFO 27924 --- [backend] [           main] c.m.backend.config.CargaInicial          : Opción: Oro | Correcta en JSON: false
2025-07-21T18:40:30.693-05:00  INFO 27924 --- [backend] [           main] c.m.backend.config.CargaInicial          : Opción: Platino | Correcta en JSON: false
2025-07-21T18:40:30.693-05:00  INFO 27924 --- [backend] [           main] c.m.backend.config.CargaInicial          : Opción: Rodio | Correcta en JSON: true
2025-07-21T18:40:30.693-05:00  INFO 27924 --- [backend] [           main] c.m.backend.config.CargaInicial          : Opción: Paladio | Correcta en JSON: false
2025-07-21T18:40:30.693-05:00  INFO 27924 --- [backend] [           main] c.m.backend.config.CargaInicial          : 
Pregunta: ¿Qué país tiene forma de bota?
2025-07-21T18:40:30.693-05:00  INFO 27924 --- [backend] [           main] c.m.backend.config.CargaInicial          : Opción: Grecia | Correcta en JSON: false
2025-07-21T18:40:30.693-05:00  INFO 27924 --- [backend] [           main] c.m.backend.config.CargaInicial          : Opción: Italia | Correcta en JSON: true
2025-07-21T18:40:30.693-05:00  INFO 27924 --- [backend] [           main] c.m.backend.config.CargaInicial          : Opción: España | Correcta en JSON: false
2025-07-21T18:40:30.693-05:00  INFO 27924 --- [backend] [           main] c.m.backend.config.CargaInicial          : Opción: Francia | Correcta en JSON: false
2025-07-21T18:40:30.693-05:00  INFO 27924 --- [backend] [           main] c.m.backend.config.CargaInicial          : 
Pregunta: ¿Cuál es el océano más grande del mundo?
2025-07-21T18:40:30.693-05:00  INFO 27924 --- [backend] [           main] c.m.backend.config.CargaInicial          : Opción: Atlántico | Correcta en JSON: false
2025-07-21T18:40:30.693-05:00  INFO 27924 --- [backend] [           main] c.m.backend.config.CargaInicial          : Opción: Índico | Correcta en JSON: false
2025-07-21T18:40:30.694-05:00  INFO 27924 --- [backend] [           main] c.m.backend.config.CargaInicial          : Opción: Pacífico | Correcta en JSON: true
2025-07-21T18:40:30.694-05:00  INFO 27924 --- [backend] [           main] c.m.backend.config.CargaInicial          : Opción: Ártico | Correcta en JSON: false
2025-07-21T18:40:30.694-05:00  INFO 27924 --- [backend] [           main] c.m.backend.config.CargaInicial          : 
Pregunta: ¿Quién escribió 'Cien años de soledad'?
2025-07-21T18:40:30.694-05:00  INFO 27924 --- [backend] [           main] c.m.backend.config.CargaInicial          : Opción: Pablo Neruda | Correcta en JSON: false
2025-07-21T18:40:30.694-05:00  INFO 27924 --- [backend] [           main] c.m.backend.config.CargaInicial          : Opción: Gabriel García Márquez | Correcta en JSON: true
2025-07-21T18:40:30.694-05:00  INFO 27924 --- [backend] [           main] c.m.backend.config.CargaInicial          : Opción: Mario Vargas Llosa | Correcta en JSON: false
2025-07-21T18:40:30.695-05:00  INFO 27924 --- [backend] [           main] c.m.backend.config.CargaInicial          : Opción: Julio Cortázar | Correcta en JSON: false
2025-07-21T18:40:30.695-05:00  INFO 27924 --- [backend] [           main] c.m.backend.config.CargaInicial          : 
Pregunta: ¿Cuál es el país más grande del mundo?
2025-07-21T18:40:30.695-05:00  INFO 27924 --- [backend] [           main] c.m.backend.config.CargaInicial          : Opción: China | Correcta en JSON: false
2025-07-21T18:40:30.695-05:00  INFO 27924 --- [backend] [           main] c.m.backend.config.CargaInicial          : Opción: Estados Unidos | Correcta en JSON: false
2025-07-21T18:40:30.695-05:00  INFO 27924 --- [backend] [           main] c.m.backend.config.CargaInicial          : Opción: Canadá | Correcta en JSON: false
2025-07-21T18:40:30.695-05:00  INFO 27924 --- [backend] [           main] c.m.backend.config.CargaInicial          : Opción: Rusia | Correcta en JSON: true
2025-07-21T18:40:30.695-05:00  INFO 27924 --- [backend] [           main] c.m.backend.config.CargaInicial          : 
Pregunta: ¿Qué famoso científico formuló la teoría de la relatividad?
2025-07-21T18:40:30.696-05:00  INFO 27924 --- [backend] [           main] c.m.backend.config.CargaInicial          : Opción: Isaac Newton | Correcta en JSON: false
2025-07-21T18:40:30.696-05:00  INFO 27924 --- [backend] [           main] c.m.backend.config.CargaInicial          : Opción: Albert Einstein | Correcta en JSON: true
2025-07-21T18:40:30.696-05:00  INFO 27924 --- [backend] [           main] c.m.backend.config.CargaInicial          : Opción: Stephen Hawking | Correcta en JSON: false
2025-07-21T18:40:30.696-05:00  INFO 27924 --- [backend] [           main] c.m.backend.config.CargaInicial          : Opción: Galileo Galilei | Correcta en JSON: false
2025-07-21T18:40:30.696-05:00  INFO 27924 --- [backend] [           main] c.m.backend.config.CargaInicial          : 
Pregunta: ¿Cuál es el hueso más largo del cuerpo humano?
2025-07-21T18:40:30.696-05:00  INFO 27924 --- [backend] [           main] c.m.backend.config.CargaInicial          : Opción: Tibia | Correcta en JSON: false
2025-07-21T18:40:30.696-05:00  INFO 27924 --- [backend] [           main] c.m.backend.config.CargaInicial          : Opción: Peroné | Correcta en JSON: false
2025-07-21T18:40:30.696-05:00  INFO 27924 --- [backend] [           main] c.m.backend.config.CargaInicial          : Opción: Fémur | Correcta en JSON: true
2025-07-21T18:40:30.696-05:00  INFO 27924 --- [backend] [           main] c.m.backend.config.CargaInicial          : Opción: Húmero | Correcta en JSON: false
2025-07-21T18:40:30.696-05:00  INFO 27924 --- [backend] [           main] c.m.backend.config.CargaInicial          : 
Pregunta: ¿En qué continente se encuentra Egipto?
2025-07-21T18:40:30.697-05:00  INFO 27924 --- [backend] [           main] c.m.backend.config.CargaInicial          : Opción: Asia | Correcta en JSON: false
2025-07-21T18:40:30.697-05:00  INFO 27924 --- [backend] [           main] c.m.backend.config.CargaInicial          : Opción: África | Correcta en JSON: true
2025-07-21T18:40:30.697-05:00  INFO 27924 --- [backend] [           main] c.m.backend.config.CargaInicial          : Opción: Europa | Correcta en JSON: false
2025-07-21T18:40:30.697-05:00  INFO 27924 --- [backend] [           main] c.m.backend.config.CargaInicial          : Opción: América | Correcta en JSON: false
2025-07-21T18:40:30.697-05:00  INFO 27924 --- [backend] [           main] c.m.backend.config.CargaInicial          : 
Pregunta: ¿Cuál es el idioma más hablado del mundo?
2025-07-21T18:40:30.697-05:00  INFO 27924 --- [backend] [           main] c.m.backend.config.CargaInicial          : Opción: Inglés | Correcta en JSON: false
2025-07-21T18:40:30.697-05:00  INFO 27924 --- [backend] [           main] c.m.backend.config.CargaInicial          : Opción: Español | Correcta en JSON: false
2025-07-21T18:40:30.697-05:00  INFO 27924 --- [backend] [           main] c.m.backend.config.CargaInicial          : Opción: Hindi | Correcta en JSON: false
2025-07-21T18:40:30.697-05:00  INFO 27924 --- [backend] [           main] c.m.backend.config.CargaInicial          : Opción: Chino mandarín | Correcta en JSON: true
2025-07-21T18:40:30.697-05:00  INFO 27924 --- [backend] [           main] c.m.backend.config.CargaInicial          : 
Pregunta: ¿Qué planeta tiene anillos visibles desde la Tierra?
2025-07-21T18:40:30.697-05:00  INFO 27924 --- [backend] [           main] c.m.backend.config.CargaInicial          : Opción: Júpiter | Correcta en JSON: false
2025-07-21T18:40:30.698-05:00  INFO 27924 --- [backend] [           main] c.m.backend.config.CargaInicial          : Opción: Saturno | Correcta en JSON: true
2025-07-21T18:40:30.698-05:00  INFO 27924 --- [backend] [           main] c.m.backend.config.CargaInicial          : Opción: Urano | Correcta en JSON: false
2025-07-21T18:40:30.698-05:00  INFO 27924 --- [backend] [           main] c.m.backend.config.CargaInicial          : Opción: Neptuno | Correcta en JSON: false
2025-07-21T18:40:30.698-05:00  INFO 27924 --- [backend] [           main] c.m.backend.config.CargaInicial          : 
Pregunta: ¿Quién fue el primer presidente de Estados Unidos?
2025-07-21T18:40:30.698-05:00  INFO 27924 --- [backend] [           main] c.m.backend.config.CargaInicial          : Opción: Thomas Jefferson | Correcta en JSON: false
2025-07-21T18:40:30.698-05:00  INFO 27924 --- [backend] [           main] c.m.backend.config.CargaInicial          : Opción: Abraham Lincoln | Correcta en JSON: false
2025-07-21T18:40:30.698-05:00  INFO 27924 --- [backend] [           main] c.m.backend.config.CargaInicial          : Opción: George Washington | Correcta en JSON: true
2025-07-21T18:40:30.698-05:00  INFO 27924 --- [backend] [           main] c.m.backend.config.CargaInicial          : Opción: John Adams | Correcta en JSON: false
2025-07-21T18:40:30.698-05:00  INFO 27924 --- [backend] [           main] c.m.backend.config.CargaInicial          : 
Pregunta: ¿Cuál es el animal más grande del mundo?
2025-07-21T18:40:30.698-05:00  INFO 27924 --- [backend] [           main] c.m.backend.config.CargaInicial          : Opción: Elefante africano | Correcta en JSON: false
2025-07-21T18:40:30.698-05:00  INFO 27924 --- [backend] [           main] c.m.backend.config.CargaInicial          : Opción: Ballena azul | Correcta en JSON: true
2025-07-21T18:40:30.699-05:00  INFO 27924 --- [backend] [           main] c.m.backend.config.CargaInicial          : Opción: Tiburón ballena | Correcta en JSON: false
2025-07-21T18:40:30.699-05:00  INFO 27924 --- [backend] [           main] c.m.backend.config.CargaInicial          : Opción: Jirafa | Correcta en JSON: false
2025-07-21T18:40:30.699-05:00  INFO 27924 --- [backend] [           main] c.m.backend.config.CargaInicial          : 
Pregunta: ¿Qué elemento químico tiene el símbolo 'O'?
2025-07-21T18:40:30.699-05:00  INFO 27924 --- [backend] [           main] c.m.backend.config.CargaInicial          : Opción: Oro | Correcta en JSON: false
2025-07-21T18:40:30.699-05:00  INFO 27924 --- [backend] [           main] c.m.backend.config.CargaInicial          : Opción: Osmio | Correcta en JSON: false
2025-07-21T18:40:30.699-05:00  INFO 27924 --- [backend] [           main] c.m.backend.config.CargaInicial          : Opción: Oxígeno | Correcta en JSON: true
2025-07-21T18:40:30.699-05:00  INFO 27924 --- [backend] [           main] c.m.backend.config.CargaInicial          : Opción: Oganesón | Correcta en JSON: false
2025-07-21T18:40:30.699-05:00  INFO 27924 --- [backend] [           main] c.m.backend.config.CargaInicial          : 
Pregunta: ¿En qué país se originó el sushi?
2025-07-21T18:40:30.699-05:00  INFO 27924 --- [backend] [           main] c.m.backend.config.CargaInicial          : Opción: China | Correcta en JSON: false
2025-07-21T18:40:30.699-05:00  INFO 27924 --- [backend] [           main] c.m.backend.config.CargaInicial          : Opción: Corea del Sur | Correcta en JSON: false
2025-07-21T18:40:30.699-05:00  INFO 27924 --- [backend] [           main] c.m.backend.config.CargaInicial          : Opción: Japón | Correcta en JSON: true
2025-07-21T18:40:30.700-05:00  INFO 27924 --- [backend] [           main] c.m.backend.config.CargaInicial          : Opción: Tailandia | Correcta en JSON: false
2025-07-21T18:40:30.700-05:00  INFO 27924 --- [backend] [           main] c.m.backend.config.CargaInicial          : 
Pregunta: ¿Cuántos colores tiene el arcoíris?
2025-07-21T18:40:30.700-05:00  INFO 27924 --- [backend] [           main] c.m.backend.config.CargaInicial          : Opción: 5 | Correcta en JSON: false
2025-07-21T18:40:30.700-05:00  INFO 27924 --- [backend] [           main] c.m.backend.config.CargaInicial          : Opción: 6 | Correcta en JSON: false
2025-07-21T18:40:30.700-05:00  INFO 27924 --- [backend] [           main] c.m.backend.config.CargaInicial          : Opción: 7 | Correcta en JSON: true
2025-07-21T18:40:30.700-05:00  INFO 27924 --- [backend] [           main] c.m.backend.config.CargaInicial          : Opción: 8 | Correcta en JSON: false
2025-07-21T18:40:30.700-05:00  INFO 27924 --- [backend] [           main] c.m.backend.config.CargaInicial          : 
Pregunta: ¿Qué instrumento musical tiene 88 teclas?
2025-07-21T18:40:30.700-05:00  INFO 27924 --- [backend] [           main] c.m.backend.config.CargaInicial          : Opción: Órgano | Correcta en JSON: false
2025-07-21T18:40:30.700-05:00  INFO 27924 --- [backend] [           main] c.m.backend.config.CargaInicial          : Opción: Piano | Correcta en JSON: true
2025-07-21T18:40:30.700-05:00  INFO 27924 --- [backend] [           main] c.m.backend.config.CargaInicial          : Opción: Sintetizador | Correcta en JSON: false
2025-07-21T18:40:30.701-05:00  INFO 27924 --- [backend] [           main] c.m.backend.config.CargaInicial          : Opción: Clavicordio | Correcta en JSON: false
2025-07-21T18:40:30.701-05:00  INFO 27924 --- [backend] [           main] c.m.backend.config.CargaInicial          : 
Pregunta: ¿En qué ciudad se encuentra la Torre Eiffel?
2025-07-21T18:40:30.701-05:00  INFO 27924 --- [backend] [           main] c.m.backend.config.CargaInicial          : Opción: Londres | Correcta en JSON: false
2025-07-21T18:40:30.701-05:00  INFO 27924 --- [backend] [           main] c.m.backend.config.CargaInicial          : Opción: Roma | Correcta en JSON: false
2025-07-21T18:40:30.701-05:00  INFO 27924 --- [backend] [           main] c.m.backend.config.CargaInicial          : Opción: París | Correcta en JSON: true
2025-07-21T18:40:30.701-05:00  INFO 27924 --- [backend] [           main] c.m.backend.config.CargaInicial          : Opción: Berlín | Correcta en JSON: false
2025-07-21T18:40:30.701-05:00  INFO 27924 --- [backend] [           main] c.m.backend.config.CargaInicial          : 
Pregunta: ¿Cuál es el libro más vendido de la historia?
2025-07-21T18:40:30.701-05:00  INFO 27924 --- [backend] [           main] c.m.backend.config.CargaInicial          : Opción: Don Quijote de la Mancha | Correcta en JSON: false
2025-07-21T18:40:30.701-05:00  INFO 27924 --- [backend] [           main] c.m.backend.config.CargaInicial          : Opción: Historia de dos ciudades | Correcta en JSON: false
2025-07-21T18:40:30.701-05:00  INFO 27924 --- [backend] [           main] c.m.backend.config.CargaInicial          : Opción: La Biblia | Correcta en JSON: true
2025-07-21T18:40:30.701-05:00  INFO 27924 --- [backend] [           main] c.m.backend.config.CargaInicial          : Opción: El Señor de los Anillos | Correcta en JSON: false
2025-07-21T18:40:30.702-05:00  INFO 27924 --- [backend] [           main] c.m.backend.config.CargaInicial          : 
Pregunta: ¿Qué deporte se juega en Wimbledon?
2025-07-21T18:40:30.702-05:00  INFO 27924 --- [backend] [           main] c.m.backend.config.CargaInicial          : Opción: Golf | Correcta en JSON: false
2025-07-21T18:40:30.702-05:00  INFO 27924 --- [backend] [           main] c.m.backend.config.CargaInicial          : Opción: Fútbol | Correcta en JSON: false
2025-07-21T18:40:30.702-05:00  INFO 27924 --- [backend] [           main] c.m.backend.config.CargaInicial          : Opción: Tenis | Correcta en JSON: true
2025-07-21T18:40:30.702-05:00  INFO 27924 --- [backend] [           main] c.m.backend.config.CargaInicial          : Opción: Críquet | Correcta en JSON: false
2025-07-21T18:40:30.704-05:00  INFO 27924 --- [backend] [           main] c.m.backend.config.CargaInicial          : Preguntas cargadas correctamente.
]]></system-out>
  </testcase>
  <testcase name="cargaPreguntasDesdeJsonCuandoRepositorioEstaVacio" classname="com.menteMaestra.backend.config.CargaInicialTest" time="0.04">
    <system-out><![CDATA[2025-07-21T18:40:30.749-05:00  INFO 27924 --- [backend] [           main] c.m.backend.config.CargaInicial          : === VERIFICACIÓN DE CARGA ===
2025-07-21T18:40:30.750-05:00  INFO 27924 --- [backend] [           main] c.m.backend.config.CargaInicial          : 
Pregunta: ¿Cuál es el río más largo del mundo?
2025-07-21T18:40:30.750-05:00  INFO 27924 --- [backend] [           main] c.m.backend.config.CargaInicial          : Opción: Nilo | Correcta en JSON: false
2025-07-21T18:40:30.750-05:00  INFO 27924 --- [backend] [           main] c.m.backend.config.CargaInicial          : Opción: Amazonas | Correcta en JSON: true
2025-07-21T18:40:30.750-05:00  INFO 27924 --- [backend] [           main] c.m.backend.config.CargaInicial          : Opción: Yangtsé | Correcta en JSON: false
2025-07-21T18:40:30.750-05:00  INFO 27924 --- [backend] [           main] c.m.backend.config.CargaInicial          : Opción: Misisipi | Correcta en JSON: false
2025-07-21T18:40:30.751-05:00  INFO 27924 --- [backend] [           main] c.m.backend.config.CargaInicial          : 
Pregunta: ¿En qué año llegó el hombre a la Luna?
2025-07-21T18:40:30.751-05:00  INFO 27924 --- [backend] [           main] c.m.backend.config.CargaInicial          : Opción: 1965 | Correcta en JSON: false
2025-07-21T18:40:30.751-05:00  INFO 27924 --- [backend] [           main] c.m.backend.config.CargaInicial          : Opción: 1969 | Correcta en JSON: true
2025-07-21T18:40:30.751-05:00  INFO 27924 --- [backend] [           main] c.m.backend.config.CargaInicial          : Opción: 1972 | Correcta en JSON: false
2025-07-21T18:40:30.751-05:00  INFO 27924 --- [backend] [           main] c.m.backend.config.CargaInicial          : Opción: 1958 | Correcta en JSON: false
2025-07-21T18:40:30.751-05:00  INFO 27924 --- [backend] [           main] c.m.backend.config.CargaInicial          : 
Pregunta: ¿Quién pintó la Mona Lisa?
2025-07-21T18:40:30.751-05:00  INFO 27924 --- [backend] [           main] c.m.backend.config.CargaInicial          : Opción: Pablo Picasso | Correcta en JSON: false
2025-07-21T18:40:30.751-05:00  INFO 27924 --- [backend] [           main] c.m.backend.config.CargaInicial          : Opción: Vincent van Gogh | Correcta en JSON: false
2025-07-21T18:40:30.751-05:00  INFO 27924 --- [backend] [           main] c.m.backend.config.CargaInicial          : Opción: Leonardo da Vinci | Correcta en JSON: true
2025-07-21T18:40:30.751-05:00  INFO 27924 --- [backend] [           main] c.m.backend.config.CargaInicial          : Opción: Miguel Ángel | Correcta en JSON: false
2025-07-21T18:40:30.751-05:00  INFO 27924 --- [backend] [           main] c.m.backend.config.CargaInicial          : 
Pregunta: ¿Cuál es el metal más caro del mundo?
2025-07-21T18:40:30.751-05:00  INFO 27924 --- [backend] [           main] c.m.backend.config.CargaInicial          : Opción: Oro | Correcta en JSON: false
2025-07-21T18:40:30.751-05:00  INFO 27924 --- [backend] [           main] c.m.backend.config.CargaInicial          : Opción: Platino | Correcta en JSON: false
2025-07-21T18:40:30.751-05:00  INFO 27924 --- [backend] [           main] c.m.backend.config.CargaInicial          : Opción: Rodio | Correcta en JSON: true
2025-07-21T18:40:30.752-05:00  INFO 27924 --- [backend] [           main] c.m.backend.config.CargaInicial          : Opción: Paladio | Correcta en JSON: false
2025-07-21T18:40:30.752-05:00  INFO 27924 --- [backend] [           main] c.m.backend.config.CargaInicial          : 
Pregunta: ¿Qué país tiene forma de bota?
2025-07-21T18:40:30.752-05:00  INFO 27924 --- [backend] [           main] c.m.backend.config.CargaInicial          : Opción: Grecia | Correcta en JSON: false
2025-07-21T18:40:30.752-05:00  INFO 27924 --- [backend] [           main] c.m.backend.config.CargaInicial          : Opción: Italia | Correcta en JSON: true
2025-07-21T18:40:30.752-05:00  INFO 27924 --- [backend] [           main] c.m.backend.config.CargaInicial          : Opción: España | Correcta en JSON: false
2025-07-21T18:40:30.752-05:00  INFO 27924 --- [backend] [           main] c.m.backend.config.CargaInicial          : Opción: Francia | Correcta en JSON: false
2025-07-21T18:40:30.752-05:00  INFO 27924 --- [backend] [           main] c.m.backend.config.CargaInicial          : 
Pregunta: ¿Cuál es el océano más grande del mundo?
2025-07-21T18:40:30.752-05:00  INFO 27924 --- [backend] [           main] c.m.backend.config.CargaInicial          : Opción: Atlántico | Correcta en JSON: false
2025-07-21T18:40:30.752-05:00  INFO 27924 --- [backend] [           main] c.m.backend.config.CargaInicial          : Opción: Índico | Correcta en JSON: false
2025-07-21T18:40:30.752-05:00  INFO 27924 --- [backend] [           main] c.m.backend.config.CargaInicial          : Opción: Pacífico | Correcta en JSON: true
2025-07-21T18:40:30.752-05:00  INFO 27924 --- [backend] [           main] c.m.backend.config.CargaInicial          : Opción: Ártico | Correcta en JSON: false
2025-07-21T18:40:30.752-05:00  INFO 27924 --- [backend] [           main] c.m.backend.config.CargaInicial          : 
Pregunta: ¿Quién escribió 'Cien años de soledad'?
2025-07-21T18:40:30.752-05:00  INFO 27924 --- [backend] [           main] c.m.backend.config.CargaInicial          : Opción: Pablo Neruda | Correcta en JSON: false
2025-07-21T18:40:30.753-05:00  INFO 27924 --- [backend] [           main] c.m.backend.config.CargaInicial          : Opción: Gabriel García Márquez | Correcta en JSON: true
2025-07-21T18:40:30.753-05:00  INFO 27924 --- [backend] [           main] c.m.backend.config.CargaInicial          : Opción: Mario Vargas Llosa | Correcta en JSON: false
2025-07-21T18:40:30.753-05:00  INFO 27924 --- [backend] [           main] c.m.backend.config.CargaInicial          : Opción: Julio Cortázar | Correcta en JSON: false
2025-07-21T18:40:30.753-05:00  INFO 27924 --- [backend] [           main] c.m.backend.config.CargaInicial          : 
Pregunta: ¿Cuál es el país más grande del mundo?
2025-07-21T18:40:30.753-05:00  INFO 27924 --- [backend] [           main] c.m.backend.config.CargaInicial          : Opción: China | Correcta en JSON: false
2025-07-21T18:40:30.753-05:00  INFO 27924 --- [backend] [           main] c.m.backend.config.CargaInicial          : Opción: Estados Unidos | Correcta en JSON: false
2025-07-21T18:40:30.753-05:00  INFO 27924 --- [backend] [           main] c.m.backend.config.CargaInicial          : Opción: Canadá | Correcta en JSON: false
2025-07-21T18:40:30.753-05:00  INFO 27924 --- [backend] [           main] c.m.backend.config.CargaInicial          : Opción: Rusia | Correcta en JSON: true
2025-07-21T18:40:30.753-05:00  INFO 27924 --- [backend] [           main] c.m.backend.config.CargaInicial          : 
Pregunta: ¿Qué famoso científico formuló la teoría de la relatividad?
2025-07-21T18:40:30.753-05:00  INFO 27924 --- [backend] [           main] c.m.backend.config.CargaInicial          : Opción: Isaac Newton | Correcta en JSON: false
2025-07-21T18:40:30.755-05:00  INFO 27924 --- [backend] [           main] c.m.backend.config.CargaInicial          : Opción: Albert Einstein | Correcta en JSON: true
2025-07-21T18:40:30.755-05:00  INFO 27924 --- [backend] [           main] c.m.backend.config.CargaInicial          : Opción: Stephen Hawking | Correcta en JSON: false
2025-07-21T18:40:30.755-05:00  INFO 27924 --- [backend] [           main] c.m.backend.config.CargaInicial          : Opción: Galileo Galilei | Correcta en JSON: false
2025-07-21T18:40:30.755-05:00  INFO 27924 --- [backend] [           main] c.m.backend.config.CargaInicial          : 
Pregunta: ¿Cuál es el hueso más largo del cuerpo humano?
2025-07-21T18:40:30.755-05:00  INFO 27924 --- [backend] [           main] c.m.backend.config.CargaInicial          : Opción: Tibia | Correcta en JSON: false
2025-07-21T18:40:30.755-05:00  INFO 27924 --- [backend] [           main] c.m.backend.config.CargaInicial          : Opción: Peroné | Correcta en JSON: false
2025-07-21T18:40:30.755-05:00  INFO 27924 --- [backend] [           main] c.m.backend.config.CargaInicial          : Opción: Fémur | Correcta en JSON: true
2025-07-21T18:40:30.755-05:00  INFO 27924 --- [backend] [           main] c.m.backend.config.CargaInicial          : Opción: Húmero | Correcta en JSON: false
2025-07-21T18:40:30.756-05:00  INFO 27924 --- [backend] [           main] c.m.backend.config.CargaInicial          : 
Pregunta: ¿En qué continente se encuentra Egipto?
2025-07-21T18:40:30.756-05:00  INFO 27924 --- [backend] [           main] c.m.backend.config.CargaInicial          : Opción: Asia | Correcta en JSON: false
2025-07-21T18:40:30.756-05:00  INFO 27924 --- [backend] [           main] c.m.backend.config.CargaInicial          : Opción: África | Correcta en JSON: true
2025-07-21T18:40:30.756-05:00  INFO 27924 --- [backend] [           main] c.m.backend.config.CargaInicial          : Opción: Europa | Correcta en JSON: false
2025-07-21T18:40:30.756-05:00  INFO 27924 --- [backend] [           main] c.m.backend.config.CargaInicial          : Opción: América | Correcta en JSON: false
2025-07-21T18:40:30.756-05:00  INFO 27924 --- [backend] [           main] c.m.backend.config.CargaInicial          : 
Pregunta: ¿Cuál es el idioma más hablado del mundo?
2025-07-21T18:40:30.756-05:00  INFO 27924 --- [backend] [           main] c.m.backend.config.CargaInicial          : Opción: Inglés | Correcta en JSON: false
2025-07-21T18:40:30.756-05:00  INFO 27924 --- [backend] [           main] c.m.backend.config.CargaInicial          : Opción: Español | Correcta en JSON: false
2025-07-21T18:40:30.756-05:00  INFO 27924 --- [backend] [           main] c.m.backend.config.CargaInicial          : Opción: Hindi | Correcta en JSON: false
2025-07-21T18:40:30.756-05:00  INFO 27924 --- [backend] [           main] c.m.backend.config.CargaInicial          : Opción: Chino mandarín | Correcta en JSON: true
2025-07-21T18:40:30.757-05:00  INFO 27924 --- [backend] [           main] c.m.backend.config.CargaInicial          : 
Pregunta: ¿Qué planeta tiene anillos visibles desde la Tierra?
2025-07-21T18:40:30.757-05:00  INFO 27924 --- [backend] [           main] c.m.backend.config.CargaInicial          : Opción: Júpiter | Correcta en JSON: false
2025-07-21T18:40:30.757-05:00  INFO 27924 --- [backend] [           main] c.m.backend.config.CargaInicial          : Opción: Saturno | Correcta en JSON: true
2025-07-21T18:40:30.757-05:00  INFO 27924 --- [backend] [           main] c.m.backend.config.CargaInicial          : Opción: Urano | Correcta en JSON: false
2025-07-21T18:40:30.758-05:00  INFO 27924 --- [backend] [           main] c.m.backend.config.CargaInicial          : Opción: Neptuno | Correcta en JSON: false
2025-07-21T18:40:30.758-05:00  INFO 27924 --- [backend] [           main] c.m.backend.config.CargaInicial          : 
Pregunta: ¿Quién fue el primer presidente de Estados Unidos?
2025-07-21T18:40:30.758-05:00  INFO 27924 --- [backend] [           main] c.m.backend.config.CargaInicial          : Opción: Thomas Jefferson | Correcta en JSON: false
2025-07-21T18:40:30.758-05:00  INFO 27924 --- [backend] [           main] c.m.backend.config.CargaInicial          : Opción: Abraham Lincoln | Correcta en JSON: false
2025-07-21T18:40:30.758-05:00  INFO 27924 --- [backend] [           main] c.m.backend.config.CargaInicial          : Opción: George Washington | Correcta en JSON: true
2025-07-21T18:40:30.758-05:00  INFO 27924 --- [backend] [           main] c.m.backend.config.CargaInicial          : Opción: John Adams | Correcta en JSON: false
2025-07-21T18:40:30.758-05:00  INFO 27924 --- [backend] [           main] c.m.backend.config.CargaInicial          : 
Pregunta: ¿Cuál es el animal más grande del mundo?
2025-07-21T18:40:30.758-05:00  INFO 27924 --- [backend] [           main] c.m.backend.config.CargaInicial          : Opción: Elefante africano | Correcta en JSON: false
2025-07-21T18:40:30.759-05:00  INFO 27924 --- [backend] [           main] c.m.backend.config.CargaInicial          : Opción: Ballena azul | Correcta en JSON: true
2025-07-21T18:40:30.759-05:00  INFO 27924 --- [backend] [           main] c.m.backend.config.CargaInicial          : Opción: Tiburón ballena | Correcta en JSON: false
2025-07-21T18:40:30.759-05:00  INFO 27924 --- [backend] [           main] c.m.backend.config.CargaInicial          : Opción: Jirafa | Correcta en JSON: false
2025-07-21T18:40:30.759-05:00  INFO 27924 --- [backend] [           main] c.m.backend.config.CargaInicial          : 
Pregunta: ¿Qué elemento químico tiene el símbolo 'O'?
2025-07-21T18:40:30.759-05:00  INFO 27924 --- [backend] [           main] c.m.backend.config.CargaInicial          : Opción: Oro | Correcta en JSON: false
2025-07-21T18:40:30.759-05:00  INFO 27924 --- [backend] [           main] c.m.backend.config.CargaInicial          : Opción: Osmio | Correcta en JSON: false
2025-07-21T18:40:30.759-05:00  INFO 27924 --- [backend] [           main] c.m.backend.config.CargaInicial          : Opción: Oxígeno | Correcta en JSON: true
2025-07-21T18:40:30.759-05:00  INFO 27924 --- [backend] [           main] c.m.backend.config.CargaInicial          : Opción: Oganesón | Correcta en JSON: false
2025-07-21T18:40:30.759-05:00  INFO 27924 --- [backend] [           main] c.m.backend.config.CargaInicial          : 
Pregunta: ¿En qué país se originó el sushi?
2025-07-21T18:40:30.759-05:00  INFO 27924 --- [backend] [           main] c.m.backend.config.CargaInicial          : Opción: China | Correcta en JSON: false
2025-07-21T18:40:30.759-05:00  INFO 27924 --- [backend] [           main] c.m.backend.config.CargaInicial          : Opción: Corea del Sur | Correcta en JSON: false
2025-07-21T18:40:30.759-05:00  INFO 27924 --- [backend] [           main] c.m.backend.config.CargaInicial          : Opción: Japón | Correcta en JSON: true
2025-07-21T18:40:30.759-05:00  INFO 27924 --- [backend] [           main] c.m.backend.config.CargaInicial          : Opción: Tailandia | Correcta en JSON: false
2025-07-21T18:40:30.760-05:00  INFO 27924 --- [backend] [           main] c.m.backend.config.CargaInicial          : 
Pregunta: ¿Cuántos colores tiene el arcoíris?
2025-07-21T18:40:30.760-05:00  INFO 27924 --- [backend] [           main] c.m.backend.config.CargaInicial          : Opción: 5 | Correcta en JSON: false
2025-07-21T18:40:30.760-05:00  INFO 27924 --- [backend] [           main] c.m.backend.config.CargaInicial          : Opción: 6 | Correcta en JSON: false
2025-07-21T18:40:30.760-05:00  INFO 27924 --- [backend] [           main] c.m.backend.config.CargaInicial          : Opción: 7 | Correcta en JSON: true
2025-07-21T18:40:30.760-05:00  INFO 27924 --- [backend] [           main] c.m.backend.config.CargaInicial          : Opción: 8 | Correcta en JSON: false
2025-07-21T18:40:30.760-05:00  INFO 27924 --- [backend] [           main] c.m.backend.config.CargaInicial          : 
Pregunta: ¿Qué instrumento musical tiene 88 teclas?
2025-07-21T18:40:30.760-05:00  INFO 27924 --- [backend] [           main] c.m.backend.config.CargaInicial          : Opción: Órgano | Correcta en JSON: false
2025-07-21T18:40:30.760-05:00  INFO 27924 --- [backend] [           main] c.m.backend.config.CargaInicial          : Opción: Piano | Correcta en JSON: true
2025-07-21T18:40:30.760-05:00  INFO 27924 --- [backend] [           main] c.m.backend.config.CargaInicial          : Opción: Sintetizador | Correcta en JSON: false
2025-07-21T18:40:30.760-05:00  INFO 27924 --- [backend] [           main] c.m.backend.config.CargaInicial          : Opción: Clavicordio | Correcta en JSON: false
2025-07-21T18:40:30.760-05:00  INFO 27924 --- [backend] [           main] c.m.backend.config.CargaInicial          : 
Pregunta: ¿En qué ciudad se encuentra la Torre Eiffel?
2025-07-21T18:40:30.760-05:00  INFO 27924 --- [backend] [           main] c.m.backend.config.CargaInicial          : Opción: Londres | Correcta en JSON: false
2025-07-21T18:40:30.760-05:00  INFO 27924 --- [backend] [           main] c.m.backend.config.CargaInicial          : Opción: Roma | Correcta en JSON: false
2025-07-21T18:40:30.761-05:00  INFO 27924 --- [backend] [           main] c.m.backend.config.CargaInicial          : Opción: París | Correcta en JSON: true
2025-07-21T18:40:30.761-05:00  INFO 27924 --- [backend] [           main] c.m.backend.config.CargaInicial          : Opción: Berlín | Correcta en JSON: false
2025-07-21T18:40:30.761-05:00  INFO 27924 --- [backend] [           main] c.m.backend.config.CargaInicial          : 
Pregunta: ¿Cuál es el libro más vendido de la historia?
2025-07-21T18:40:30.761-05:00  INFO 27924 --- [backend] [           main] c.m.backend.config.CargaInicial          : Opción: Don Quijote de la Mancha | Correcta en JSON: false
2025-07-21T18:40:30.761-05:00  INFO 27924 --- [backend] [           main] c.m.backend.config.CargaInicial          : Opción: Historia de dos ciudades | Correcta en JSON: false
2025-07-21T18:40:30.761-05:00  INFO 27924 --- [backend] [           main] c.m.backend.config.CargaInicial          : Opción: La Biblia | Correcta en JSON: true
2025-07-21T18:40:30.761-05:00  INFO 27924 --- [backend] [           main] c.m.backend.config.CargaInicial          : Opción: El Señor de los Anillos | Correcta en JSON: false
2025-07-21T18:40:30.761-05:00  INFO 27924 --- [backend] [           main] c.m.backend.config.CargaInicial          : 
Pregunta: ¿Qué deporte se juega en Wimbledon?
2025-07-21T18:40:30.761-05:00  INFO 27924 --- [backend] [           main] c.m.backend.config.CargaInicial          : Opción: Golf | Correcta en JSON: false
2025-07-21T18:40:30.761-05:00  INFO 27924 --- [backend] [           main] c.m.backend.config.CargaInicial          : Opción: Fútbol | Correcta en JSON: false
2025-07-21T18:40:30.762-05:00  INFO 27924 --- [backend] [           main] c.m.backend.config.CargaInicial          : Opción: Tenis | Correcta en JSON: true
2025-07-21T18:40:30.762-05:00  INFO 27924 --- [backend] [           main] c.m.backend.config.CargaInicial          : Opción: Críquet | Correcta en JSON: false
2025-07-21T18:40:30.762-05:00  INFO 27924 --- [backend] [           main] c.m.backend.config.CargaInicial          : Preguntas cargadas correctamente.
]]></system-out>
  </testcase>
</testsuite>